<?xml version="1.0" encoding="UTF-8"?>
<testsuite xmlns:xsi="http://www.w3.org/2001/XMLSchema-instance" xsi:noNamespaceSchemaLocation="https://maven.apache.org/surefire/maven-surefire-plugin/xsd/surefire-test-report.xsd" version="3.0.2" name="com.zluolan.zaiagent.app.TravelAppTest" time="22.329" tests="5" errors="0" skipped="0" failures="0">
  <properties>
    <property name="java.specification.version" value="21"/>
    <property name="sun.cpu.isalist" value="amd64"/>
    <property name="sun.jnu.encoding" value="GBK"/>
    <property name="java.class.path" value="C:\ProgramFiles\AllCodeProjects\zl-ai-agent\target\test-classes;C:\ProgramFiles\AllCodeProjects\zl-ai-agent\target\classes;C:\Users\zluolan\.m2\repository\org\springframework\boot\spring-boot-starter-web\3.4.5\spring-boot-starter-web-3.4.5.jar;C:\Users\zluolan\.m2\repository\org\springframework\boot\spring-boot-starter\3.4.5\spring-boot-starter-3.4.5.jar;C:\Users\zluolan\.m2\repository\org\springframework\boot\spring-boot\3.4.5\spring-boot-3.4.5.jar;C:\Users\zluolan\.m2\repository\org\springframework\boot\spring-boot-autoconfigure\3.4.5\spring-boot-autoconfigure-3.4.5.jar;C:\Users\zluolan\.m2\repository\org\springframework\boot\spring-boot-starter-logging\3.4.5\spring-boot-starter-logging-3.4.5.jar;C:\Users\zluolan\.m2\repository\ch\qos\logback\logback-classic\1.5.18\logback-classic-1.5.18.jar;C:\Users\zluolan\.m2\repository\ch\qos\logback\logback-core\1.5.18\logback-core-1.5.18.jar;C:\Users\zluolan\.m2\repository\org\apache\logging\log4j\log4j-to-slf4j\2.24.3\log4j-to-slf4j-2.24.3.jar;C:\Users\zluolan\.m2\repository\org\apache\logging\log4j\log4j-api\2.24.3\log4j-api-2.24.3.jar;C:\Users\zluolan\.m2\repository\org\slf4j\jul-to-slf4j\2.0.17\jul-to-slf4j-2.0.17.jar;C:\Users\zluolan\.m2\repository\jakarta\annotation\jakarta.annotation-api\2.1.1\jakarta.annotation-api-2.1.1.jar;C:\Users\zluolan\.m2\repository\org\yaml\snakeyaml\2.3\snakeyaml-2.3.jar;C:\Users\zluolan\.m2\repository\org\springframework\boot\spring-boot-starter-json\3.4.5\spring-boot-starter-json-3.4.5.jar;C:\Users\zluolan\.m2\repository\com\fasterxml\jackson\datatype\jackson-datatype-jdk8\2.18.3\jackson-datatype-jdk8-2.18.3.jar;C:\Users\zluolan\.m2\repository\com\fasterxml\jackson\datatype\jackson-datatype-jsr310\2.18.3\jackson-datatype-jsr310-2.18.3.jar;C:\Users\zluolan\.m2\repository\com\fasterxml\jackson\module\jackson-module-parameter-names\2.18.3\jackson-module-parameter-names-2.18.3.jar;C:\Users\zluolan\.m2\repository\org\springframework\boot\spring-boot-starter-tomcat\3.4.5\spring-boot-starter-tomcat-3.4.5.jar;C:\Users\zluolan\.m2\repository\org\apache\tomcat\embed\tomcat-embed-core\10.1.40\tomcat-embed-core-10.1.40.jar;C:\Users\zluolan\.m2\repository\org\apache\tomcat\embed\tomcat-embed-el\10.1.40\tomcat-embed-el-10.1.40.jar;C:\Users\zluolan\.m2\repository\org\apache\tomcat\embed\tomcat-embed-websocket\10.1.40\tomcat-embed-websocket-10.1.40.jar;C:\Users\zluolan\.m2\repository\org\springframework\spring-web\6.2.6\spring-web-6.2.6.jar;C:\Users\zluolan\.m2\repository\org\springframework\spring-beans\6.2.6\spring-beans-6.2.6.jar;C:\Users\zluolan\.m2\repository\io\micrometer\micrometer-observation\1.14.6\micrometer-observation-1.14.6.jar;C:\Users\zluolan\.m2\repository\io\micrometer\micrometer-commons\1.14.6\micrometer-commons-1.14.6.jar;C:\Users\zluolan\.m2\repository\org\springframework\spring-webmvc\6.2.6\spring-webmvc-6.2.6.jar;C:\Users\zluolan\.m2\repository\org\springframework\spring-aop\6.2.6\spring-aop-6.2.6.jar;C:\Users\zluolan\.m2\repository\org\springframework\spring-context\6.2.6\spring-context-6.2.6.jar;C:\Users\zluolan\.m2\repository\org\springframework\spring-expression\6.2.6\spring-expression-6.2.6.jar;C:\Users\zluolan\.m2\repository\com\alibaba\cloud\ai\spring-ai-alibaba-starter-dashscope\1.0.0.2\spring-ai-alibaba-starter-dashscope-1.0.0.2.jar;C:\Users\zluolan\.m2\repository\com\alibaba\cloud\ai\spring-ai-alibaba-autoconfigure-dashscope\1.0.0.2\spring-ai-alibaba-autoconfigure-dashscope-1.0.0.2.jar;C:\Users\zluolan\.m2\repository\org\springframework\ai\spring-ai-autoconfigure-retry\1.0.0\spring-ai-autoconfigure-retry-1.0.0.jar;C:\Users\zluolan\.m2\repository\org\springframework\ai\spring-ai-autoconfigure-model-tool\1.0.0\spring-ai-autoconfigure-model-tool-1.0.0.jar;C:\Users\zluolan\.m2\repository\com\alibaba\cloud\ai\spring-ai-alibaba-starter-memory\1.0.0.2\spring-ai-alibaba-starter-memory-1.0.0.2.jar;C:\Users\zluolan\.m2\repository\com\alibaba\cloud\ai\spring-ai-alibaba-autoconfigure-memory\1.0.0.2\spring-ai-alibaba-autoconfigure-memory-1.0.0.2.jar;C:\Users\zluolan\.m2\repository\com\alibaba\cloud\ai\spring-ai-alibaba-starter-memory-redis\1.0.0.2\spring-ai-alibaba-starter-memory-redis-1.0.0.2.jar;C:\Users\zluolan\.m2\repository\com\alibaba\cloud\ai\spring-ai-alibaba-starter-memory-elasticsearch\1.0.0.2\spring-ai-alibaba-starter-memory-elasticsearch-1.0.0.2.jar;C:\Users\zluolan\.m2\repository\com\alibaba\cloud\ai\spring-ai-alibaba-starter-memory-jdbc\1.0.0.2\spring-ai-alibaba-starter-memory-jdbc-1.0.0.2.jar;C:\Users\zluolan\.m2\repository\com\alibaba\cloud\ai\spring-ai-alibaba-core\1.0.0.2\spring-ai-alibaba-core-1.0.0.2.jar;C:\Users\zluolan\.m2\repository\org\springframework\ai\spring-ai-model\1.0.0\spring-ai-model-1.0.0.jar;C:\Users\zluolan\.m2\repository\org\springframework\ai\spring-ai-template-st\1.0.0\spring-ai-template-st-1.0.0.jar;C:\Users\zluolan\.m2\repository\org\antlr\ST4\4.3.4\ST4-4.3.4.jar;C:\Users\zluolan\.m2\repository\org\antlr\antlr-runtime\3.5.3\antlr-runtime-3.5.3.jar;C:\Users\zluolan\.m2\repository\org\springframework\spring-messaging\6.2.6\spring-messaging-6.2.6.jar;C:\Users\zluolan\.m2\repository\org\antlr\antlr4-runtime\4.13.1\antlr4-runtime-4.13.1.jar;C:\Users\zluolan\.m2\repository\com\github\victools\jsonschema-module-jackson\4.37.0\jsonschema-module-jackson-4.37.0.jar;C:\Users\zluolan\.m2\repository\org\springframework\ai\spring-ai-rag\1.0.0\spring-ai-rag-1.0.0.jar;C:\Users\zluolan\.m2\repository\org\springframework\ai\spring-ai-retry\1.0.0\spring-ai-retry-1.0.0.jar;C:\Users\zluolan\.m2\repository\org\springframework\retry\spring-retry\2.0.11\spring-retry-2.0.11.jar;C:\Users\zluolan\.m2\repository\org\springframework\spring-webflux\6.2.6\spring-webflux-6.2.6.jar;C:\Users\zluolan\.m2\repository\commons-codec\commons-codec\1.17.2\commons-codec-1.17.2.jar;C:\Users\zluolan\.m2\repository\org\apache\opennlp\opennlp-tools\2.3.3\opennlp-tools-2.3.3.jar;C:\Users\zluolan\.m2\repository\org\springframework\ai\spring-ai-model-chat-memory-repository-jdbc\1.0.0\spring-ai-model-chat-memory-repository-jdbc-1.0.0.jar;C:\Users\zluolan\.m2\repository\org\springframework\boot\spring-boot-starter-jdbc\3.4.5\spring-boot-starter-jdbc-3.4.5.jar;C:\Users\zluolan\.m2\repository\com\zaxxer\HikariCP\5.1.0\HikariCP-5.1.0.jar;C:\Users\zluolan\.m2\repository\org\springframework\spring-jdbc\6.2.6\spring-jdbc-6.2.6.jar;C:\Users\zluolan\.m2\repository\org\springframework\spring-tx\6.2.6\spring-tx-6.2.6.jar;C:\Users\zluolan\.m2\repository\org\springframework\ai\spring-ai-starter-model-ollama\1.0.0\spring-ai-starter-model-ollama-1.0.0.jar;C:\Users\zluolan\.m2\repository\org\springframework\ai\spring-ai-autoconfigure-model-ollama\1.0.0\spring-ai-autoconfigure-model-ollama-1.0.0.jar;C:\Users\zluolan\.m2\repository\org\springframework\ai\spring-ai-autoconfigure-model-chat-observation\1.0.0\spring-ai-autoconfigure-model-chat-observation-1.0.0.jar;C:\Users\zluolan\.m2\repository\org\springframework\ai\spring-ai-autoconfigure-model-embedding-observation\1.0.0\spring-ai-autoconfigure-model-embedding-observation-1.0.0.jar;C:\Users\zluolan\.m2\repository\org\springframework\ai\spring-ai-ollama\1.0.0\spring-ai-ollama-1.0.0.jar;C:\Users\zluolan\.m2\repository\org\springframework\ai\spring-ai-autoconfigure-model-chat-client\1.0.0\spring-ai-autoconfigure-model-chat-client-1.0.0.jar;C:\Users\zluolan\.m2\repository\org\springframework\ai\spring-ai-autoconfigure-model-chat-memory\1.0.0\spring-ai-autoconfigure-model-chat-memory-1.0.0.jar;C:\Users\zluolan\.m2\repository\org\springframework\ai\spring-ai-markdown-document-reader\1.0.0\spring-ai-markdown-document-reader-1.0.0.jar;C:\Users\zluolan\.m2\repository\org\springframework\ai\spring-ai-commons\1.0.0\spring-ai-commons-1.0.0.jar;C:\Users\zluolan\.m2\repository\io\micrometer\micrometer-core\1.14.6\micrometer-core-1.14.6.jar;C:\Users\zluolan\.m2\repository\org\hdrhistogram\HdrHistogram\2.2.2\HdrHistogram-2.2.2.jar;C:\Users\zluolan\.m2\repository\org\latencyutils\LatencyUtils\2.0.3\LatencyUtils-2.0.3.jar;C:\Users\zluolan\.m2\repository\io\micrometer\context-propagation\1.1.3\context-propagation-1.1.3.jar;C:\Users\zluolan\.m2\repository\com\fasterxml\jackson\module\jackson-module-jsonSchema\2.18.3\jackson-module-jsonSchema-2.18.3.jar;C:\Users\zluolan\.m2\repository\javax\validation\validation-api\1.1.0.Final\validation-api-1.1.0.Final.jar;C:\Users\zluolan\.m2\repository\com\knuddels\jtokkit\1.1.0\jtokkit-1.1.0.jar;C:\Users\zluolan\.m2\repository\org\commonmark\commonmark\0.22.0\commonmark-0.22.0.jar;C:\Users\zluolan\.m2\repository\org\springframework\ai\spring-ai-advisors-vector-store\1.0.0\spring-ai-advisors-vector-store-1.0.0.jar;C:\Users\zluolan\.m2\repository\org\springframework\ai\spring-ai-client-chat\1.0.0\spring-ai-client-chat-1.0.0.jar;C:\Users\zluolan\.m2\repository\io\swagger\core\v3\swagger-annotations\2.2.25\swagger-annotations-2.2.25.jar;C:\Users\zluolan\.m2\repository\com\github\victools\jsonschema-module-swagger-2\4.37.0\jsonschema-module-swagger-2-4.37.0.jar;C:\Users\zluolan\.m2\repository\io\projectreactor\reactor-core\3.7.5\reactor-core-3.7.5.jar;C:\Users\zluolan\.m2\repository\org\springframework\ai\spring-ai-vector-store\1.0.0\spring-ai-vector-store-1.0.0.jar;C:\Users\zluolan\.m2\repository\com\mysql\mysql-connector-j\9.1.0\mysql-connector-j-9.1.0.jar;C:\Users\zluolan\.m2\repository\org\postgresql\postgresql\42.7.5\postgresql-42.7.5.jar;C:\Users\zluolan\.m2\repository\org\checkerframework\checker-qual\3.48.3\checker-qual-3.48.3.jar;C:\Users\zluolan\.m2\repository\org\springframework\ai\spring-ai-pgvector-store\1.0.0\spring-ai-pgvector-store-1.0.0.jar;C:\Users\zluolan\.m2\repository\com\pgvector\pgvector\0.1.6\pgvector-0.1.6.jar;C:\Users\zluolan\.m2\repository\org\springframework\ai\spring-ai-starter-mcp-client\1.0.0\spring-ai-starter-mcp-client-1.0.0.jar;C:\Users\zluolan\.m2\repository\org\springframework\ai\spring-ai-autoconfigure-mcp-client\1.0.0\spring-ai-autoconfigure-mcp-client-1.0.0.jar;C:\Users\zluolan\.m2\repository\org\springframework\ai\spring-ai-mcp\1.0.0\spring-ai-mcp-1.0.0.jar;C:\Users\zluolan\.m2\repository\io\modelcontextprotocol\sdk\mcp\0.10.0\mcp-0.10.0.jar;C:\Users\zluolan\.m2\repository\org\jsoup\jsoup\1.19.1\jsoup-1.19.1.jar;C:\Users\zluolan\.m2\repository\com\itextpdf\barcodes\9.1.0\barcodes-9.1.0.jar;C:\Users\zluolan\.m2\repository\com\itextpdf\forms\9.1.0\forms-9.1.0.jar;C:\Users\zluolan\.m2\repository\com\itextpdf\hyph\9.1.0\hyph-9.1.0.jar;C:\Users\zluolan\.m2\repository\com\itextpdf\io\9.1.0\io-9.1.0.jar;C:\Users\zluolan\.m2\repository\com\itextpdf\commons\9.1.0\commons-9.1.0.jar;C:\Users\zluolan\.m2\repository\com\itextpdf\kernel\9.1.0\kernel-9.1.0.jar;C:\Users\zluolan\.m2\repository\com\itextpdf\layout\9.1.0\layout-9.1.0.jar;C:\Users\zluolan\.m2\repository\com\itextpdf\pdfa\9.1.0\pdfa-9.1.0.jar;C:\Users\zluolan\.m2\repository\com\itextpdf\sign\9.1.0\sign-9.1.0.jar;C:\Users\zluolan\.m2\repository\com\itextpdf\styled-xml-parser\9.1.0\styled-xml-parser-9.1.0.jar;C:\Users\zluolan\.m2\repository\com\itextpdf\svg\9.1.0\svg-9.1.0.jar;C:\Users\zluolan\.m2\repository\com\itextpdf\bouncy-castle-connector\9.1.0\bouncy-castle-connector-9.1.0.jar;C:\Users\zluolan\.m2\repository\com\itextpdf\pdfua\9.1.0\pdfua-9.1.0.jar;C:\Users\zluolan\.m2\repository\com\itextpdf\font-asian\9.1.0\font-asian-9.1.0.jar;C:\Users\zluolan\.m2\repository\org\slf4j\slf4j-api\2.0.17\slf4j-api-2.0.17.jar;C:\Users\zluolan\.m2\repository\cn\hutool\hutool-all\5.8.37\hutool-all-5.8.37.jar;C:\Users\zluolan\.m2\repository\com\github\xiaoymin\knife4j-openapi3-jakarta-spring-boot-starter\4.4.0\knife4j-openapi3-jakarta-spring-boot-starter-4.4.0.jar;C:\Users\zluolan\.m2\repository\com\github\xiaoymin\knife4j-core\4.4.0\knife4j-core-4.4.0.jar;C:\Users\zluolan\.m2\repository\com\github\xiaoymin\knife4j-openapi3-ui\4.4.0\knife4j-openapi3-ui-4.4.0.jar;C:\Users\zluolan\.m2\repository\com\github\victools\jsonschema-generator\4.38.0\jsonschema-generator-4.38.0.jar;C:\Users\zluolan\.m2\repository\com\fasterxml\classmate\1.7.0\classmate-1.7.0.jar;C:\Users\zluolan\.m2\repository\com\fasterxml\jackson\core\jackson-core\2.18.3\jackson-core-2.18.3.jar;C:\Users\zluolan\.m2\repository\com\fasterxml\jackson\core\jackson-databind\2.18.3\jackson-databind-2.18.3.jar;C:\Users\zluolan\.m2\repository\com\fasterxml\jackson\core\jackson-annotations\2.18.3\jackson-annotations-2.18.3.jar;C:\Users\zluolan\.m2\repository\com\alibaba\dashscope-sdk-java\2.20.1\dashscope-sdk-java-2.20.1.jar;C:\Users\zluolan\.m2\repository\io\reactivex\rxjava2\rxjava\2.2.21\rxjava-2.2.21.jar;C:\Users\zluolan\.m2\repository\org\reactivestreams\reactive-streams\1.0.4\reactive-streams-1.0.4.jar;C:\Users\zluolan\.m2\repository\com\google\code\gson\gson\2.11.0\gson-2.11.0.jar;C:\Users\zluolan\.m2\repository\com\google\errorprone\error_prone_annotations\2.27.0\error_prone_annotations-2.27.0.jar;C:\Users\zluolan\.m2\repository\org\jetbrains\kotlin\kotlin-stdlib-jdk8\1.9.25\kotlin-stdlib-jdk8-1.9.25.jar;C:\Users\zluolan\.m2\repository\org\jetbrains\kotlin\kotlin-stdlib\1.9.25\kotlin-stdlib-1.9.25.jar;C:\Users\zluolan\.m2\repository\org\jetbrains\annotations\13.0\annotations-13.0.jar;C:\Users\zluolan\.m2\repository\org\jetbrains\kotlin\kotlin-stdlib-jdk7\1.9.25\kotlin-stdlib-jdk7-1.9.25.jar;C:\Users\zluolan\.m2\repository\com\squareup\okio\okio\3.6.0\okio-3.6.0.jar;C:\Users\zluolan\.m2\repository\com\squareup\okio\okio-jvm\3.6.0\okio-jvm-3.6.0.jar;C:\Users\zluolan\.m2\repository\org\jetbrains\kotlin\kotlin-stdlib-common\1.9.25\kotlin-stdlib-common-1.9.25.jar;C:\Users\zluolan\.m2\repository\com\squareup\okhttp3\logging-interceptor\4.12.0\logging-interceptor-4.12.0.jar;C:\Users\zluolan\.m2\repository\com\squareup\okhttp3\okhttp-sse\4.12.0\okhttp-sse-4.12.0.jar;C:\Users\zluolan\.m2\repository\com\squareup\okhttp3\okhttp\4.12.0\okhttp-4.12.0.jar;C:\Users\zluolan\.m2\repository\org\projectlombok\lombok\1.18.34\lombok-1.18.34.jar;C:\Users\zluolan\.m2\repository\org\springdoc\springdoc-openapi-starter-webmvc-ui\2.5.0\springdoc-openapi-starter-webmvc-ui-2.5.0.jar;C:\Users\zluolan\.m2\repository\org\springdoc\springdoc-openapi-starter-webmvc-api\2.5.0\springdoc-openapi-starter-webmvc-api-2.5.0.jar;C:\Users\zluolan\.m2\repository\org\springdoc\springdoc-openapi-starter-common\2.5.0\springdoc-openapi-starter-common-2.5.0.jar;C:\Users\zluolan\.m2\repository\io\swagger\core\v3\swagger-core-jakarta\2.2.21\swagger-core-jakarta-2.2.21.jar;C:\Users\zluolan\.m2\repository\org\apache\commons\commons-lang3\3.17.0\commons-lang3-3.17.0.jar;C:\Users\zluolan\.m2\repository\io\swagger\core\v3\swagger-annotations-jakarta\2.2.21\swagger-annotations-jakarta-2.2.21.jar;C:\Users\zluolan\.m2\repository\io\swagger\core\v3\swagger-models-jakarta\2.2.21\swagger-models-jakarta-2.2.21.jar;C:\Users\zluolan\.m2\repository\jakarta\validation\jakarta.validation-api\3.0.2\jakarta.validation-api-3.0.2.jar;C:\Users\zluolan\.m2\repository\com\fasterxml\jackson\dataformat\jackson-dataformat-yaml\2.18.3\jackson-dataformat-yaml-2.18.3.jar;C:\Users\zluolan\.m2\repository\org\webjars\swagger-ui\5.13.0\swagger-ui-5.13.0.jar;C:\Users\zluolan\.m2\repository\com\esotericsoftware\kryo\5.6.2\kryo-5.6.2.jar;C:\Users\zluolan\.m2\repository\com\esotericsoftware\reflectasm\1.11.9\reflectasm-1.11.9.jar;C:\Users\zluolan\.m2\repository\org\objenesis\objenesis\3.4\objenesis-3.4.jar;C:\Users\zluolan\.m2\repository\com\esotericsoftware\minlog\1.3.1\minlog-1.3.1.jar;C:\Users\zluolan\.m2\repository\org\springframework\boot\spring-boot-starter-test\3.4.5\spring-boot-starter-test-3.4.5.jar;C:\Users\zluolan\.m2\repository\org\springframework\boot\spring-boot-test\3.4.5\spring-boot-test-3.4.5.jar;C:\Users\zluolan\.m2\repository\org\springframework\boot\spring-boot-test-autoconfigure\3.4.5\spring-boot-test-autoconfigure-3.4.5.jar;C:\Users\zluolan\.m2\repository\com\jayway\jsonpath\json-path\2.9.0\json-path-2.9.0.jar;C:\Users\zluolan\.m2\repository\jakarta\xml\bind\jakarta.xml.bind-api\4.0.2\jakarta.xml.bind-api-4.0.2.jar;C:\Users\zluolan\.m2\repository\jakarta\activation\jakarta.activation-api\2.1.3\jakarta.activation-api-2.1.3.jar;C:\Users\zluolan\.m2\repository\net\minidev\json-smart\2.5.2\json-smart-2.5.2.jar;C:\Users\zluolan\.m2\repository\net\minidev\accessors-smart\2.5.2\accessors-smart-2.5.2.jar;C:\Users\zluolan\.m2\repository\org\ow2\asm\asm\9.7.1\asm-9.7.1.jar;C:\Users\zluolan\.m2\repository\org\assertj\assertj-core\3.26.3\assertj-core-3.26.3.jar;C:\Users\zluolan\.m2\repository\net\bytebuddy\byte-buddy\1.15.11\byte-buddy-1.15.11.jar;C:\Users\zluolan\.m2\repository\org\awaitility\awaitility\4.2.2\awaitility-4.2.2.jar;C:\Users\zluolan\.m2\repository\org\hamcrest\hamcrest\2.2\hamcrest-2.2.jar;C:\Users\zluolan\.m2\repository\org\junit\jupiter\junit-jupiter\5.11.4\junit-jupiter-5.11.4.jar;C:\Users\zluolan\.m2\repository\org\junit\jupiter\junit-jupiter-api\5.11.4\junit-jupiter-api-5.11.4.jar;C:\Users\zluolan\.m2\repository\org\opentest4j\opentest4j\1.3.0\opentest4j-1.3.0.jar;C:\Users\zluolan\.m2\repository\org\junit\platform\junit-platform-commons\1.11.4\junit-platform-commons-1.11.4.jar;C:\Users\zluolan\.m2\repository\org\apiguardian\apiguardian-api\1.1.2\apiguardian-api-1.1.2.jar;C:\Users\zluolan\.m2\repository\org\junit\jupiter\junit-jupiter-params\5.11.4\junit-jupiter-params-5.11.4.jar;C:\Users\zluolan\.m2\repository\org\junit\jupiter\junit-jupiter-engine\5.11.4\junit-jupiter-engine-5.11.4.jar;C:\Users\zluolan\.m2\repository\org\junit\platform\junit-platform-engine\1.11.4\junit-platform-engine-1.11.4.jar;C:\Users\zluolan\.m2\repository\org\mockito\mockito-core\5.14.2\mockito-core-5.14.2.jar;C:\Users\zluolan\.m2\repository\net\bytebuddy\byte-buddy-agent\1.15.11\byte-buddy-agent-1.15.11.jar;C:\Users\zluolan\.m2\repository\org\mockito\mockito-junit-jupiter\5.14.2\mockito-junit-jupiter-5.14.2.jar;C:\Users\zluolan\.m2\repository\org\skyscreamer\jsonassert\1.5.3\jsonassert-1.5.3.jar;C:\Users\zluolan\.m2\repository\com\vaadin\external\google\android-json\0.0.20131108.vaadin1\android-json-0.0.20131108.vaadin1.jar;C:\Users\zluolan\.m2\repository\org\springframework\spring-core\6.2.6\spring-core-6.2.6.jar;C:\Users\zluolan\.m2\repository\org\springframework\spring-jcl\6.2.6\spring-jcl-6.2.6.jar;C:\Users\zluolan\.m2\repository\org\springframework\spring-test\6.2.6\spring-test-6.2.6.jar;C:\Users\zluolan\.m2\repository\org\xmlunit\xmlunit-core\2.10.0\xmlunit-core-2.10.0.jar;"/>
    <property name="java.vm.vendor" value="Microsoft"/>
    <property name="sun.arch.data.model" value="64"/>
    <property name="user.variant" value=""/>
    <property name="java.vendor.url" value="https://www.microsoft.com"/>
    <property name="user.timezone" value="Asia/Shanghai"/>
    <property name="os.name" value="Windows 11"/>
    <property name="java.vm.specification.version" value="21"/>
    <property name="APPLICATION_NAME" value="travel-planner"/>
    <property name="sun.java.launcher" value="SUN_STANDARD"/>
    <property name="user.country" value="CN"/>
    <property name="sun.boot.library.path" value="C:\Users\zluolan\.jdks\ms-21.0.8\bin"/>
    <property name="sun.java.command" value="C:\Users\zluolan\AppData\Local\Temp\surefire16462373691669974479\surefirebooter-20251023153756865_3.jar C:\Users\zluolan\AppData\Local\Temp\surefire16462373691669974479 2025-10-23T15-37-56_751-jvmRun1 surefire-20251023153756865_1tmp surefire_0-20251023153756865_2tmp"/>
    <property name="jdk.debug" value="release"/>
    <property name="surefire.test.class.path" value="C:\ProgramFiles\AllCodeProjects\zl-ai-agent\target\test-classes;C:\ProgramFiles\AllCodeProjects\zl-ai-agent\target\classes;C:\Users\zluolan\.m2\repository\org\springframework\boot\spring-boot-starter-web\3.4.5\spring-boot-starter-web-3.4.5.jar;C:\Users\zluolan\.m2\repository\org\springframework\boot\spring-boot-starter\3.4.5\spring-boot-starter-3.4.5.jar;C:\Users\zluolan\.m2\repository\org\springframework\boot\spring-boot\3.4.5\spring-boot-3.4.5.jar;C:\Users\zluolan\.m2\repository\org\springframework\boot\spring-boot-autoconfigure\3.4.5\spring-boot-autoconfigure-3.4.5.jar;C:\Users\zluolan\.m2\repository\org\springframework\boot\spring-boot-starter-logging\3.4.5\spring-boot-starter-logging-3.4.5.jar;C:\Users\zluolan\.m2\repository\ch\qos\logback\logback-classic\1.5.18\logback-classic-1.5.18.jar;C:\Users\zluolan\.m2\repository\ch\qos\logback\logback-core\1.5.18\logback-core-1.5.18.jar;C:\Users\zluolan\.m2\repository\org\apache\logging\log4j\log4j-to-slf4j\2.24.3\log4j-to-slf4j-2.24.3.jar;C:\Users\zluolan\.m2\repository\org\apache\logging\log4j\log4j-api\2.24.3\log4j-api-2.24.3.jar;C:\Users\zluolan\.m2\repository\org\slf4j\jul-to-slf4j\2.0.17\jul-to-slf4j-2.0.17.jar;C:\Users\zluolan\.m2\repository\jakarta\annotation\jakarta.annotation-api\2.1.1\jakarta.annotation-api-2.1.1.jar;C:\Users\zluolan\.m2\repository\org\yaml\snakeyaml\2.3\snakeyaml-2.3.jar;C:\Users\zluolan\.m2\repository\org\springframework\boot\spring-boot-starter-json\3.4.5\spring-boot-starter-json-3.4.5.jar;C:\Users\zluolan\.m2\repository\com\fasterxml\jackson\datatype\jackson-datatype-jdk8\2.18.3\jackson-datatype-jdk8-2.18.3.jar;C:\Users\zluolan\.m2\repository\com\fasterxml\jackson\datatype\jackson-datatype-jsr310\2.18.3\jackson-datatype-jsr310-2.18.3.jar;C:\Users\zluolan\.m2\repository\com\fasterxml\jackson\module\jackson-module-parameter-names\2.18.3\jackson-module-parameter-names-2.18.3.jar;C:\Users\zluolan\.m2\repository\org\springframework\boot\spring-boot-starter-tomcat\3.4.5\spring-boot-starter-tomcat-3.4.5.jar;C:\Users\zluolan\.m2\repository\org\apache\tomcat\embed\tomcat-embed-core\10.1.40\tomcat-embed-core-10.1.40.jar;C:\Users\zluolan\.m2\repository\org\apache\tomcat\embed\tomcat-embed-el\10.1.40\tomcat-embed-el-10.1.40.jar;C:\Users\zluolan\.m2\repository\org\apache\tomcat\embed\tomcat-embed-websocket\10.1.40\tomcat-embed-websocket-10.1.40.jar;C:\Users\zluolan\.m2\repository\org\springframework\spring-web\6.2.6\spring-web-6.2.6.jar;C:\Users\zluolan\.m2\repository\org\springframework\spring-beans\6.2.6\spring-beans-6.2.6.jar;C:\Users\zluolan\.m2\repository\io\micrometer\micrometer-observation\1.14.6\micrometer-observation-1.14.6.jar;C:\Users\zluolan\.m2\repository\io\micrometer\micrometer-commons\1.14.6\micrometer-commons-1.14.6.jar;C:\Users\zluolan\.m2\repository\org\springframework\spring-webmvc\6.2.6\spring-webmvc-6.2.6.jar;C:\Users\zluolan\.m2\repository\org\springframework\spring-aop\6.2.6\spring-aop-6.2.6.jar;C:\Users\zluolan\.m2\repository\org\springframework\spring-context\6.2.6\spring-context-6.2.6.jar;C:\Users\zluolan\.m2\repository\org\springframework\spring-expression\6.2.6\spring-expression-6.2.6.jar;C:\Users\zluolan\.m2\repository\com\alibaba\cloud\ai\spring-ai-alibaba-starter-dashscope\1.0.0.2\spring-ai-alibaba-starter-dashscope-1.0.0.2.jar;C:\Users\zluolan\.m2\repository\com\alibaba\cloud\ai\spring-ai-alibaba-autoconfigure-dashscope\1.0.0.2\spring-ai-alibaba-autoconfigure-dashscope-1.0.0.2.jar;C:\Users\zluolan\.m2\repository\org\springframework\ai\spring-ai-autoconfigure-retry\1.0.0\spring-ai-autoconfigure-retry-1.0.0.jar;C:\Users\zluolan\.m2\repository\org\springframework\ai\spring-ai-autoconfigure-model-tool\1.0.0\spring-ai-autoconfigure-model-tool-1.0.0.jar;C:\Users\zluolan\.m2\repository\com\alibaba\cloud\ai\spring-ai-alibaba-starter-memory\1.0.0.2\spring-ai-alibaba-starter-memory-1.0.0.2.jar;C:\Users\zluolan\.m2\repository\com\alibaba\cloud\ai\spring-ai-alibaba-autoconfigure-memory\1.0.0.2\spring-ai-alibaba-autoconfigure-memory-1.0.0.2.jar;C:\Users\zluolan\.m2\repository\com\alibaba\cloud\ai\spring-ai-alibaba-starter-memory-redis\1.0.0.2\spring-ai-alibaba-starter-memory-redis-1.0.0.2.jar;C:\Users\zluolan\.m2\repository\com\alibaba\cloud\ai\spring-ai-alibaba-starter-memory-elasticsearch\1.0.0.2\spring-ai-alibaba-starter-memory-elasticsearch-1.0.0.2.jar;C:\Users\zluolan\.m2\repository\com\alibaba\cloud\ai\spring-ai-alibaba-starter-memory-jdbc\1.0.0.2\spring-ai-alibaba-starter-memory-jdbc-1.0.0.2.jar;C:\Users\zluolan\.m2\repository\com\alibaba\cloud\ai\spring-ai-alibaba-core\1.0.0.2\spring-ai-alibaba-core-1.0.0.2.jar;C:\Users\zluolan\.m2\repository\org\springframework\ai\spring-ai-model\1.0.0\spring-ai-model-1.0.0.jar;C:\Users\zluolan\.m2\repository\org\springframework\ai\spring-ai-template-st\1.0.0\spring-ai-template-st-1.0.0.jar;C:\Users\zluolan\.m2\repository\org\antlr\ST4\4.3.4\ST4-4.3.4.jar;C:\Users\zluolan\.m2\repository\org\antlr\antlr-runtime\3.5.3\antlr-runtime-3.5.3.jar;C:\Users\zluolan\.m2\repository\org\springframework\spring-messaging\6.2.6\spring-messaging-6.2.6.jar;C:\Users\zluolan\.m2\repository\org\antlr\antlr4-runtime\4.13.1\antlr4-runtime-4.13.1.jar;C:\Users\zluolan\.m2\repository\com\github\victools\jsonschema-module-jackson\4.37.0\jsonschema-module-jackson-4.37.0.jar;C:\Users\zluolan\.m2\repository\org\springframework\ai\spring-ai-rag\1.0.0\spring-ai-rag-1.0.0.jar;C:\Users\zluolan\.m2\repository\org\springframework\ai\spring-ai-retry\1.0.0\spring-ai-retry-1.0.0.jar;C:\Users\zluolan\.m2\repository\org\springframework\retry\spring-retry\2.0.11\spring-retry-2.0.11.jar;C:\Users\zluolan\.m2\repository\org\springframework\spring-webflux\6.2.6\spring-webflux-6.2.6.jar;C:\Users\zluolan\.m2\repository\commons-codec\commons-codec\1.17.2\commons-codec-1.17.2.jar;C:\Users\zluolan\.m2\repository\org\apache\opennlp\opennlp-tools\2.3.3\opennlp-tools-2.3.3.jar;C:\Users\zluolan\.m2\repository\org\springframework\ai\spring-ai-model-chat-memory-repository-jdbc\1.0.0\spring-ai-model-chat-memory-repository-jdbc-1.0.0.jar;C:\Users\zluolan\.m2\repository\org\springframework\boot\spring-boot-starter-jdbc\3.4.5\spring-boot-starter-jdbc-3.4.5.jar;C:\Users\zluolan\.m2\repository\com\zaxxer\HikariCP\5.1.0\HikariCP-5.1.0.jar;C:\Users\zluolan\.m2\repository\org\springframework\spring-jdbc\6.2.6\spring-jdbc-6.2.6.jar;C:\Users\zluolan\.m2\repository\org\springframework\spring-tx\6.2.6\spring-tx-6.2.6.jar;C:\Users\zluolan\.m2\repository\org\springframework\ai\spring-ai-starter-model-ollama\1.0.0\spring-ai-starter-model-ollama-1.0.0.jar;C:\Users\zluolan\.m2\repository\org\springframework\ai\spring-ai-autoconfigure-model-ollama\1.0.0\spring-ai-autoconfigure-model-ollama-1.0.0.jar;C:\Users\zluolan\.m2\repository\org\springframework\ai\spring-ai-autoconfigure-model-chat-observation\1.0.0\spring-ai-autoconfigure-model-chat-observation-1.0.0.jar;C:\Users\zluolan\.m2\repository\org\springframework\ai\spring-ai-autoconfigure-model-embedding-observation\1.0.0\spring-ai-autoconfigure-model-embedding-observation-1.0.0.jar;C:\Users\zluolan\.m2\repository\org\springframework\ai\spring-ai-ollama\1.0.0\spring-ai-ollama-1.0.0.jar;C:\Users\zluolan\.m2\repository\org\springframework\ai\spring-ai-autoconfigure-model-chat-client\1.0.0\spring-ai-autoconfigure-model-chat-client-1.0.0.jar;C:\Users\zluolan\.m2\repository\org\springframework\ai\spring-ai-autoconfigure-model-chat-memory\1.0.0\spring-ai-autoconfigure-model-chat-memory-1.0.0.jar;C:\Users\zluolan\.m2\repository\org\springframework\ai\spring-ai-markdown-document-reader\1.0.0\spring-ai-markdown-document-reader-1.0.0.jar;C:\Users\zluolan\.m2\repository\org\springframework\ai\spring-ai-commons\1.0.0\spring-ai-commons-1.0.0.jar;C:\Users\zluolan\.m2\repository\io\micrometer\micrometer-core\1.14.6\micrometer-core-1.14.6.jar;C:\Users\zluolan\.m2\repository\org\hdrhistogram\HdrHistogram\2.2.2\HdrHistogram-2.2.2.jar;C:\Users\zluolan\.m2\repository\org\latencyutils\LatencyUtils\2.0.3\LatencyUtils-2.0.3.jar;C:\Users\zluolan\.m2\repository\io\micrometer\context-propagation\1.1.3\context-propagation-1.1.3.jar;C:\Users\zluolan\.m2\repository\com\fasterxml\jackson\module\jackson-module-jsonSchema\2.18.3\jackson-module-jsonSchema-2.18.3.jar;C:\Users\zluolan\.m2\repository\javax\validation\validation-api\1.1.0.Final\validation-api-1.1.0.Final.jar;C:\Users\zluolan\.m2\repository\com\knuddels\jtokkit\1.1.0\jtokkit-1.1.0.jar;C:\Users\zluolan\.m2\repository\org\commonmark\commonmark\0.22.0\commonmark-0.22.0.jar;C:\Users\zluolan\.m2\repository\org\springframework\ai\spring-ai-advisors-vector-store\1.0.0\spring-ai-advisors-vector-store-1.0.0.jar;C:\Users\zluolan\.m2\repository\org\springframework\ai\spring-ai-client-chat\1.0.0\spring-ai-client-chat-1.0.0.jar;C:\Users\zluolan\.m2\repository\io\swagger\core\v3\swagger-annotations\2.2.25\swagger-annotations-2.2.25.jar;C:\Users\zluolan\.m2\repository\com\github\victools\jsonschema-module-swagger-2\4.37.0\jsonschema-module-swagger-2-4.37.0.jar;C:\Users\zluolan\.m2\repository\io\projectreactor\reactor-core\3.7.5\reactor-core-3.7.5.jar;C:\Users\zluolan\.m2\repository\org\springframework\ai\spring-ai-vector-store\1.0.0\spring-ai-vector-store-1.0.0.jar;C:\Users\zluolan\.m2\repository\com\mysql\mysql-connector-j\9.1.0\mysql-connector-j-9.1.0.jar;C:\Users\zluolan\.m2\repository\org\postgresql\postgresql\42.7.5\postgresql-42.7.5.jar;C:\Users\zluolan\.m2\repository\org\checkerframework\checker-qual\3.48.3\checker-qual-3.48.3.jar;C:\Users\zluolan\.m2\repository\org\springframework\ai\spring-ai-pgvector-store\1.0.0\spring-ai-pgvector-store-1.0.0.jar;C:\Users\zluolan\.m2\repository\com\pgvector\pgvector\0.1.6\pgvector-0.1.6.jar;C:\Users\zluolan\.m2\repository\org\springframework\ai\spring-ai-starter-mcp-client\1.0.0\spring-ai-starter-mcp-client-1.0.0.jar;C:\Users\zluolan\.m2\repository\org\springframework\ai\spring-ai-autoconfigure-mcp-client\1.0.0\spring-ai-autoconfigure-mcp-client-1.0.0.jar;C:\Users\zluolan\.m2\repository\org\springframework\ai\spring-ai-mcp\1.0.0\spring-ai-mcp-1.0.0.jar;C:\Users\zluolan\.m2\repository\io\modelcontextprotocol\sdk\mcp\0.10.0\mcp-0.10.0.jar;C:\Users\zluolan\.m2\repository\org\jsoup\jsoup\1.19.1\jsoup-1.19.1.jar;C:\Users\zluolan\.m2\repository\com\itextpdf\barcodes\9.1.0\barcodes-9.1.0.jar;C:\Users\zluolan\.m2\repository\com\itextpdf\forms\9.1.0\forms-9.1.0.jar;C:\Users\zluolan\.m2\repository\com\itextpdf\hyph\9.1.0\hyph-9.1.0.jar;C:\Users\zluolan\.m2\repository\com\itextpdf\io\9.1.0\io-9.1.0.jar;C:\Users\zluolan\.m2\repository\com\itextpdf\commons\9.1.0\commons-9.1.0.jar;C:\Users\zluolan\.m2\repository\com\itextpdf\kernel\9.1.0\kernel-9.1.0.jar;C:\Users\zluolan\.m2\repository\com\itextpdf\layout\9.1.0\layout-9.1.0.jar;C:\Users\zluolan\.m2\repository\com\itextpdf\pdfa\9.1.0\pdfa-9.1.0.jar;C:\Users\zluolan\.m2\repository\com\itextpdf\sign\9.1.0\sign-9.1.0.jar;C:\Users\zluolan\.m2\repository\com\itextpdf\styled-xml-parser\9.1.0\styled-xml-parser-9.1.0.jar;C:\Users\zluolan\.m2\repository\com\itextpdf\svg\9.1.0\svg-9.1.0.jar;C:\Users\zluolan\.m2\repository\com\itextpdf\bouncy-castle-connector\9.1.0\bouncy-castle-connector-9.1.0.jar;C:\Users\zluolan\.m2\repository\com\itextpdf\pdfua\9.1.0\pdfua-9.1.0.jar;C:\Users\zluolan\.m2\repository\com\itextpdf\font-asian\9.1.0\font-asian-9.1.0.jar;C:\Users\zluolan\.m2\repository\org\slf4j\slf4j-api\2.0.17\slf4j-api-2.0.17.jar;C:\Users\zluolan\.m2\repository\cn\hutool\hutool-all\5.8.37\hutool-all-5.8.37.jar;C:\Users\zluolan\.m2\repository\com\github\xiaoymin\knife4j-openapi3-jakarta-spring-boot-starter\4.4.0\knife4j-openapi3-jakarta-spring-boot-starter-4.4.0.jar;C:\Users\zluolan\.m2\repository\com\github\xiaoymin\knife4j-core\4.4.0\knife4j-core-4.4.0.jar;C:\Users\zluolan\.m2\repository\com\github\xiaoymin\knife4j-openapi3-ui\4.4.0\knife4j-openapi3-ui-4.4.0.jar;C:\Users\zluolan\.m2\repository\com\github\victools\jsonschema-generator\4.38.0\jsonschema-generator-4.38.0.jar;C:\Users\zluolan\.m2\repository\com\fasterxml\classmate\1.7.0\classmate-1.7.0.jar;C:\Users\zluolan\.m2\repository\com\fasterxml\jackson\core\jackson-core\2.18.3\jackson-core-2.18.3.jar;C:\Users\zluolan\.m2\repository\com\fasterxml\jackson\core\jackson-databind\2.18.3\jackson-databind-2.18.3.jar;C:\Users\zluolan\.m2\repository\com\fasterxml\jackson\core\jackson-annotations\2.18.3\jackson-annotations-2.18.3.jar;C:\Users\zluolan\.m2\repository\com\alibaba\dashscope-sdk-java\2.20.1\dashscope-sdk-java-2.20.1.jar;C:\Users\zluolan\.m2\repository\io\reactivex\rxjava2\rxjava\2.2.21\rxjava-2.2.21.jar;C:\Users\zluolan\.m2\repository\org\reactivestreams\reactive-streams\1.0.4\reactive-streams-1.0.4.jar;C:\Users\zluolan\.m2\repository\com\google\code\gson\gson\2.11.0\gson-2.11.0.jar;C:\Users\zluolan\.m2\repository\com\google\errorprone\error_prone_annotations\2.27.0\error_prone_annotations-2.27.0.jar;C:\Users\zluolan\.m2\repository\org\jetbrains\kotlin\kotlin-stdlib-jdk8\1.9.25\kotlin-stdlib-jdk8-1.9.25.jar;C:\Users\zluolan\.m2\repository\org\jetbrains\kotlin\kotlin-stdlib\1.9.25\kotlin-stdlib-1.9.25.jar;C:\Users\zluolan\.m2\repository\org\jetbrains\annotations\13.0\annotations-13.0.jar;C:\Users\zluolan\.m2\repository\org\jetbrains\kotlin\kotlin-stdlib-jdk7\1.9.25\kotlin-stdlib-jdk7-1.9.25.jar;C:\Users\zluolan\.m2\repository\com\squareup\okio\okio\3.6.0\okio-3.6.0.jar;C:\Users\zluolan\.m2\repository\com\squareup\okio\okio-jvm\3.6.0\okio-jvm-3.6.0.jar;C:\Users\zluolan\.m2\repository\org\jetbrains\kotlin\kotlin-stdlib-common\1.9.25\kotlin-stdlib-common-1.9.25.jar;C:\Users\zluolan\.m2\repository\com\squareup\okhttp3\logging-interceptor\4.12.0\logging-interceptor-4.12.0.jar;C:\Users\zluolan\.m2\repository\com\squareup\okhttp3\okhttp-sse\4.12.0\okhttp-sse-4.12.0.jar;C:\Users\zluolan\.m2\repository\com\squareup\okhttp3\okhttp\4.12.0\okhttp-4.12.0.jar;C:\Users\zluolan\.m2\repository\org\projectlombok\lombok\1.18.34\lombok-1.18.34.jar;C:\Users\zluolan\.m2\repository\org\springdoc\springdoc-openapi-starter-webmvc-ui\2.5.0\springdoc-openapi-starter-webmvc-ui-2.5.0.jar;C:\Users\zluolan\.m2\repository\org\springdoc\springdoc-openapi-starter-webmvc-api\2.5.0\springdoc-openapi-starter-webmvc-api-2.5.0.jar;C:\Users\zluolan\.m2\repository\org\springdoc\springdoc-openapi-starter-common\2.5.0\springdoc-openapi-starter-common-2.5.0.jar;C:\Users\zluolan\.m2\repository\io\swagger\core\v3\swagger-core-jakarta\2.2.21\swagger-core-jakarta-2.2.21.jar;C:\Users\zluolan\.m2\repository\org\apache\commons\commons-lang3\3.17.0\commons-lang3-3.17.0.jar;C:\Users\zluolan\.m2\repository\io\swagger\core\v3\swagger-annotations-jakarta\2.2.21\swagger-annotations-jakarta-2.2.21.jar;C:\Users\zluolan\.m2\repository\io\swagger\core\v3\swagger-models-jakarta\2.2.21\swagger-models-jakarta-2.2.21.jar;C:\Users\zluolan\.m2\repository\jakarta\validation\jakarta.validation-api\3.0.2\jakarta.validation-api-3.0.2.jar;C:\Users\zluolan\.m2\repository\com\fasterxml\jackson\dataformat\jackson-dataformat-yaml\2.18.3\jackson-dataformat-yaml-2.18.3.jar;C:\Users\zluolan\.m2\repository\org\webjars\swagger-ui\5.13.0\swagger-ui-5.13.0.jar;C:\Users\zluolan\.m2\repository\com\esotericsoftware\kryo\5.6.2\kryo-5.6.2.jar;C:\Users\zluolan\.m2\repository\com\esotericsoftware\reflectasm\1.11.9\reflectasm-1.11.9.jar;C:\Users\zluolan\.m2\repository\org\objenesis\objenesis\3.4\objenesis-3.4.jar;C:\Users\zluolan\.m2\repository\com\esotericsoftware\minlog\1.3.1\minlog-1.3.1.jar;C:\Users\zluolan\.m2\repository\org\springframework\boot\spring-boot-starter-test\3.4.5\spring-boot-starter-test-3.4.5.jar;C:\Users\zluolan\.m2\repository\org\springframework\boot\spring-boot-test\3.4.5\spring-boot-test-3.4.5.jar;C:\Users\zluolan\.m2\repository\org\springframework\boot\spring-boot-test-autoconfigure\3.4.5\spring-boot-test-autoconfigure-3.4.5.jar;C:\Users\zluolan\.m2\repository\com\jayway\jsonpath\json-path\2.9.0\json-path-2.9.0.jar;C:\Users\zluolan\.m2\repository\jakarta\xml\bind\jakarta.xml.bind-api\4.0.2\jakarta.xml.bind-api-4.0.2.jar;C:\Users\zluolan\.m2\repository\jakarta\activation\jakarta.activation-api\2.1.3\jakarta.activation-api-2.1.3.jar;C:\Users\zluolan\.m2\repository\net\minidev\json-smart\2.5.2\json-smart-2.5.2.jar;C:\Users\zluolan\.m2\repository\net\minidev\accessors-smart\2.5.2\accessors-smart-2.5.2.jar;C:\Users\zluolan\.m2\repository\org\ow2\asm\asm\9.7.1\asm-9.7.1.jar;C:\Users\zluolan\.m2\repository\org\assertj\assertj-core\3.26.3\assertj-core-3.26.3.jar;C:\Users\zluolan\.m2\repository\net\bytebuddy\byte-buddy\1.15.11\byte-buddy-1.15.11.jar;C:\Users\zluolan\.m2\repository\org\awaitility\awaitility\4.2.2\awaitility-4.2.2.jar;C:\Users\zluolan\.m2\repository\org\hamcrest\hamcrest\2.2\hamcrest-2.2.jar;C:\Users\zluolan\.m2\repository\org\junit\jupiter\junit-jupiter\5.11.4\junit-jupiter-5.11.4.jar;C:\Users\zluolan\.m2\repository\org\junit\jupiter\junit-jupiter-api\5.11.4\junit-jupiter-api-5.11.4.jar;C:\Users\zluolan\.m2\repository\org\opentest4j\opentest4j\1.3.0\opentest4j-1.3.0.jar;C:\Users\zluolan\.m2\repository\org\junit\platform\junit-platform-commons\1.11.4\junit-platform-commons-1.11.4.jar;C:\Users\zluolan\.m2\repository\org\apiguardian\apiguardian-api\1.1.2\apiguardian-api-1.1.2.jar;C:\Users\zluolan\.m2\repository\org\junit\jupiter\junit-jupiter-params\5.11.4\junit-jupiter-params-5.11.4.jar;C:\Users\zluolan\.m2\repository\org\junit\jupiter\junit-jupiter-engine\5.11.4\junit-jupiter-engine-5.11.4.jar;C:\Users\zluolan\.m2\repository\org\junit\platform\junit-platform-engine\1.11.4\junit-platform-engine-1.11.4.jar;C:\Users\zluolan\.m2\repository\org\mockito\mockito-core\5.14.2\mockito-core-5.14.2.jar;C:\Users\zluolan\.m2\repository\net\bytebuddy\byte-buddy-agent\1.15.11\byte-buddy-agent-1.15.11.jar;C:\Users\zluolan\.m2\repository\org\mockito\mockito-junit-jupiter\5.14.2\mockito-junit-jupiter-5.14.2.jar;C:\Users\zluolan\.m2\repository\org\skyscreamer\jsonassert\1.5.3\jsonassert-1.5.3.jar;C:\Users\zluolan\.m2\repository\com\vaadin\external\google\android-json\0.0.20131108.vaadin1\android-json-0.0.20131108.vaadin1.jar;C:\Users\zluolan\.m2\repository\org\springframework\spring-core\6.2.6\spring-core-6.2.6.jar;C:\Users\zluolan\.m2\repository\org\springframework\spring-jcl\6.2.6\spring-jcl-6.2.6.jar;C:\Users\zluolan\.m2\repository\org\springframework\spring-test\6.2.6\spring-test-6.2.6.jar;C:\Users\zluolan\.m2\repository\org\xmlunit\xmlunit-core\2.10.0\xmlunit-core-2.10.0.jar;"/>
    <property name="sun.cpu.endian" value="little"/>
    <property name="user.home" value="C:\Users\zluolan"/>
    <property name="user.language" value="zh"/>
    <property name="java.specification.vendor" value="Oracle Corporation"/>
    <property name="java.version.date" value="2025-07-15"/>
    <property name="java.home" value="C:\Users\zluolan\.jdks\ms-21.0.8"/>
    <property name="file.separator" value="\"/>
    <property name="basedir" value="C:\ProgramFiles\AllCodeProjects\zl-ai-agent"/>
    <property name="java.vm.compressedOopsMode" value="Zero based"/>
    <property name="line.separator" value="&#10;"/>
    <property name="java.vm.specification.vendor" value="Oracle Corporation"/>
    <property name="java.specification.name" value="Java Platform API Specification"/>
    <property name="FILE_LOG_CHARSET" value="UTF-8"/>
    <property name="java.awt.headless" value="true"/>
    <property name="surefire.real.class.path" value="C:\Users\zluolan\AppData\Local\Temp\surefire16462373691669974479\surefirebooter-20251023153756865_3.jar"/>
    <property name="user.script" value=""/>
    <property name="sun.management.compiler" value="HotSpot 64-Bit Tiered Compilers"/>
    <property name="java.runtime.version" value="21.0.8+9-LTS"/>
    <property name="user.name" value="zluolan"/>
    <property name="stdout.encoding" value="GBK"/>
    <property name="path.separator" value=";"/>
    <property name="os.version" value="10.0"/>
    <property name="java.runtime.name" value="OpenJDK Runtime Environment"/>
    <property name="file.encoding" value="UTF-8"/>
    <property name="java.vm.name" value="OpenJDK 64-Bit Server VM"/>
    <property name="java.vendor.version" value="Microsoft-11933218"/>
    <property name="localRepository" value="C:\Users\zluolan\.m2\repository"/>
    <property name="java.vendor.url.bug" value="https://github.com/microsoft/openjdk/issues"/>
    <property name="java.io.tmpdir" value="C:\Users\zluolan\AppData\Local\Temp\"/>
    <property name="java.version" value="21.0.8"/>
    <property name="user.dir" value="C:\ProgramFiles\AllCodeProjects\zl-ai-agent"/>
    <property name="os.arch" value="amd64"/>
    <property name="java.vm.specification.name" value="Java Virtual Machine Specification"/>
    <property name="PID" value="23336"/>
    <property name="sun.os.patch.level" value=""/>
    <property name="CONSOLE_LOG_CHARSET" value="UTF-8"/>
    <property name="native.encoding" value="GBK"/>
    <property name="java.library.path" value="C:\Users\zluolan\.jdks\ms-21.0.8\bin;C:\WINDOWS\Sun\Java\bin;C:\WINDOWS\system32;C:\WINDOWS;C:\Program Files (x86)\VMware\VMware Workstation\bin\;C:\WINDOWS\system32;C:\WINDOWS;C:\WINDOWS\System32\Wbem;C:\WINDOWS\System32\WindowsPowerShell\v1.0\;C:\WINDOWS\System32\OpenSSH\;C:\Program Files\NVIDIA Corporation\NVIDIA App\NvDLISR;C:\Program Files (x86)\NVIDIA Corporation\PhysX\Common;C:\ProgramFiles\nvm;C:\ProgramFiles\nvm4w\nodejs;C:\ProgramFiles\Git\cmd;C:\Program Files (x86)\dotnet\;C:\ProgramFiles\apache-maven-3.9.11\bin;C:\Users\zluolan\.jdks\ms-21.0.8\bin;C:\Users\zluolan\.jdks\ms-17.0.15\bin;C:\Users\zluolan\AppData\Local\Programs\Python\Python313\Scripts\;C:\Users\zluolan\AppData\Local\Programs\Python\Python313\;C:\Users\zluolan\AppData\Local\Microsoft\WindowsApps;C:\ProgramFiles\JetBrains\WebStorm2024.1\bin;;C:\ProgramFiles\JetBrains\PyCharm2024.1\bin;;C:\ProgramFiles\JetBrains\IntelliJIDEA2024.1\bin;;C:\ProgramFiles\JetBrains\DataGrip2024.1.1\bin;;C:\Users\zluolan\AppData\Roaming\npm;C:\ProgramFiles\nvm;C:\ProgramFiles\nvm4w\nodejs;C:\ProgramFiles\cursor\resources\app\bin;C:\Users\zluolan\AppData\Local\Programs\Ollama;."/>
    <property name="java.vm.info" value="mixed mode, sharing"/>
    <property name="stderr.encoding" value="GBK"/>
    <property name="java.vendor" value="Microsoft"/>
    <property name="java.vm.version" value="21.0.8+9-LTS"/>
    <property name="sun.io.unicode.encoding" value="UnicodeLittle"/>
    <property name="java.class.version" value="65.0"/>
    <property name="LOGGED_APPLICATION_NAME" value="[travel-planner] "/>
  </properties>
  <testcase name="testDoChatWithMcp" classname="com.zluolan.zaiagent.app.TravelAppTest" time="6.576">
    <system-out><![CDATA[2025-10-23T15:38:04.847+08:00  INFO 23336 --- [travel-planner] [           main] t.c.s.AnnotationConfigContextLoaderUtils : Could not detect default configuration classes for test class [com.zluolan.zaiagent.app.TravelAppTest]: TravelAppTest does not declare any static, non-private, non-final, nested classes annotated with @Configuration.
2025-10-23T15:38:04.872+08:00  INFO 23336 --- [travel-planner] [           main] .b.t.c.SpringBootTestContextBootstrapper : Found @SpringBootConfiguration com.zluolan.zaiagent.ZlAiAgentApplication for test class com.zluolan.zaiagent.app.TravelAppTest
2025-10-23T15:38:04.889+08:00  INFO 23336 --- [travel-planner] [           main] com.zluolan.zaiagent.app.TravelApp       : MCP服务已禁用，使用普通工具调用
2025-10-23T15:38:04.901+08:00  INFO 23336 --- [travel-planner] [           main] c.z.zaiagent.advisor.MyLoggerAdvisor     : AI Request: 使用高德地图搜索北京景点
2025-10-23T15:38:11.455+08:00  INFO 23336 --- [travel-planner] [           main] c.z.zaiagent.advisor.MyLoggerAdvisor     : AI Response: 好的，没问题！我将使用高德地图搜索北京的景点，为你提供详细的推荐和信息。

**首先，我们来初步了解一下你想了解哪些类型的景点：**

1.  **历史文化古迹：** 例如故宫、天坛、颐和园等
2.  **现代艺术与设计：** 例如798艺术区、中国美术馆等
3.  **自然景观：** 例如南锣鼓巷、景山公园等
4.  **休闲娱乐：** 例如胡同、酒吧街等
5.  **美食体验：** 例如烤鸭店、老字号茶馆等

**为了更好地帮你规划，请你告诉我你对北京有哪些感兴趣的景点？或者你希望我从哪个方面入手？**

（例如：你可以直接告诉我“我想去故宫看看”，或者“我希望找一些适合家庭旅游的景点”）

**请注意，我目前无法直接打开高德地图，我只能提供搜索关键词和路线建议。**

**现在，我先从比较热门、经典景点开始推荐：**

**1. 故宫（紫禁城）**

*   **地址:** 北京市西城区后海北侧29号
*   **开放时间:** 每天 8:00 - 17:00 (需提前预约)
*   **门票:** 均价 50 元
*   **亮点:** 世界上最大的宫殿建筑群，展现中国古代皇家权力。可以游览太和殿、中和殿、保和殿、乾清宫、交泰殿、坤宁宫等。
*   **建议:**  提前预定门票，规划好游览路线，考虑参观午门、御花园等。

**2. 天坛公园**

*   **地址:** 北京市丰台区恒河畔
*   **开放时间:** 每天 6:30 - 18:00 (需提前预约)
*   **门票:** 均价 30 元
*   **亮点:** 位于北京的古老皇宫，是古代皇帝祭祀活动的场所，拥有精美的雕刻和对称的建筑。
*   **建议:** 游览祈年殿、回音壁、真言台、圆周道等。

**3. 798艺术区**

*   **地址:** 北京市海淀区国贸路北
*   **开放时间:** 每天 10:00 - 22:00 (需提前预约)
*   **门票:** 免费 (但可购买展览门票)
*   **亮点:** 充满艺术气息的创意园区，汇集了国内外众多艺术家的作品，涵盖绘画、雕塑、装置艺术、摄影、设计等。
*   **建议:**  提前规划好你的观赏路线，重点关注一些展品。

**4. 颐和园**

*   **地址:** 北京市望京区
*   **开放时间:** 每天 7:30 - 17:00 (需提前预约)
*   **门票:** 均价 60 元
*   **亮点:** 中国古典园林的代表，拥有精美的建筑、湖泊、山水、桥梁、亭台楼阁等，环境优美，景色宜人。
*   **建议:**  沿着湖道漫步，欣赏各种园林景观。

**5. 景山公园**

*   **地址:** 北京市天安门东路北 7号
*   **开放时间:** 每天 6:30 - 18:00 (需提前预约)
*   **门票:** 均价 30 元
*   **亮点:**  俯瞰故宫的壮丽景色，同时提供休闲散步和拍照打卡的好去处。
*   **建议:**  从天安门广场出发，沿着山路攀登，欣赏故宫的全景。


**接下来，为了更好地推荐，请告诉我你更感兴趣的：**

1.  **你想了解哪方面的景点？**
2.  **你大概有多少时间在北京？**
3.  **你的旅行预算是多少？** (大致范围，例如：经济型、中等、豪华型)
4.  **你喜欢什么类型的活动？** (例如：美食、购物、历史文化、自然风光、休闲娱乐等)

请尽可能详细地告诉我你的需求，我才能为你提供更精准、更完善的旅行计划！
2025-10-23T15:38:11.456+08:00  INFO 23336 --- [travel-planner] [           main] com.zluolan.zaiagent.app.TravelApp       : TravelApp with tools response: 好的，没问题！我将使用高德地图搜索北京的景点，为你提供详细的推荐和信息。

**首先，我们来初步了解一下你想了解哪些类型的景点：**

1.  **历史文化古迹：** 例如故宫、天坛、颐和园等
2.  **现代艺术与设计：** 例如798艺术区、中国美术馆等
3.  **自然景观：** 例如南锣鼓巷、景山公园等
4.  **休闲娱乐：** 例如胡同、酒吧街等
5.  **美食体验：** 例如烤鸭店、老字号茶馆等

**为了更好地帮你规划，请你告诉我你对北京有哪些感兴趣的景点？或者你希望我从哪个方面入手？**

（例如：你可以直接告诉我“我想去故宫看看”，或者“我希望找一些适合家庭旅游的景点”）

**请注意，我目前无法直接打开高德地图，我只能提供搜索关键词和路线建议。**

**现在，我先从比较热门、经典景点开始推荐：**

**1. 故宫（紫禁城）**

*   **地址:** 北京市西城区后海北侧29号
*   **开放时间:** 每天 8:00 - 17:00 (需提前预约)
*   **门票:** 均价 50 元
*   **亮点:** 世界上最大的宫殿建筑群，展现中国古代皇家权力。可以游览太和殿、中和殿、保和殿、乾清宫、交泰殿、坤宁宫等。
*   **建议:**  提前预定门票，规划好游览路线，考虑参观午门、御花园等。

**2. 天坛公园**

*   **地址:** 北京市丰台区恒河畔
*   **开放时间:** 每天 6:30 - 18:00 (需提前预约)
*   **门票:** 均价 30 元
*   **亮点:** 位于北京的古老皇宫，是古代皇帝祭祀活动的场所，拥有精美的雕刻和对称的建筑。
*   **建议:** 游览祈年殿、回音壁、真言台、圆周道等。

**3. 798艺术区**

*   **地址:** 北京市海淀区国贸路北
*   **开放时间:** 每天 10:00 - 22:00 (需提前预约)
*   **门票:** 免费 (但可购买展览门票)
*   **亮点:** 充满艺术气息的创意园区，汇集了国内外众多艺术家的作品，涵盖绘画、雕塑、装置艺术、摄影、设计等。
*   **建议:**  提前规划好你的观赏路线，重点关注一些展品。

**4. 颐和园**

*   **地址:** 北京市望京区
*   **开放时间:** 每天 7:30 - 17:00 (需提前预约)
*   **门票:** 均价 60 元
*   **亮点:** 中国古典园林的代表，拥有精美的建筑、湖泊、山水、桥梁、亭台楼阁等，环境优美，景色宜人。
*   **建议:**  沿着湖道漫步，欣赏各种园林景观。

**5. 景山公园**

*   **地址:** 北京市天安门东路北 7号
*   **开放时间:** 每天 6:30 - 18:00 (需提前预约)
*   **门票:** 均价 30 元
*   **亮点:**  俯瞰故宫的壮丽景色，同时提供休闲散步和拍照打卡的好去处。
*   **建议:**  从天安门广场出发，沿着山路攀登，欣赏故宫的全景。


**接下来，为了更好地推荐，请告诉我你更感兴趣的：**

1.  **你想了解哪方面的景点？**
2.  **你大概有多少时间在北京？**
3.  **你的旅行预算是多少？** (大致范围，例如：经济型、中等、豪华型)
4.  **你喜欢什么类型的活动？** (例如：美食、购物、历史文化、自然风光、休闲娱乐等)

请尽可能详细地告诉我你的需求，我才能为你提供更精准、更完善的旅行计划！
MCP工具调用测试结果: 好的，没问题！我将使用高德地图搜索北京的景点，为你提供详细的推荐和信息。

**首先，我们来初步了解一下你想了解哪些类型的景点：**

1.  **历史文化古迹：** 例如故宫、天坛、颐和园等
2.  **现代艺术与设计：** 例如798艺术区、中国美术馆等
3.  **自然景观：** 例如南锣鼓巷、景山公园等
4.  **休闲娱乐：** 例如胡同、酒吧街等
5.  **美食体验：** 例如烤鸭店、老字号茶馆等

**为了更好地帮你规划，请你告诉我你对北京有哪些感兴趣的景点？或者你希望我从哪个方面入手？**

（例如：你可以直接告诉我“我想去故宫看看”，或者“我希望找一些适合家庭旅游的景点”）

**请注意，我目前无法直接打开高德地图，我只能提供搜索关键词和路线建议。**

**现在，我先从比较热门、经典景点开始推荐：**

**1. 故宫（紫禁城）**

*   **地址:** 北京市西城区后海北侧29号
*   **开放时间:** 每天 8:00 - 17:00 (需提前预约)
*   **门票:** 均价 50 元
*   **亮点:** 世界上最大的宫殿建筑群，展现中国古代皇家权力。可以游览太和殿、中和殿、保和殿、乾清宫、交泰殿、坤宁宫等。
*   **建议:**  提前预定门票，规划好游览路线，考虑参观午门、御花园等。

**2. 天坛公园**

*   **地址:** 北京市丰台区恒河畔
*   **开放时间:** 每天 6:30 - 18:00 (需提前预约)
*   **门票:** 均价 30 元
*   **亮点:** 位于北京的古老皇宫，是古代皇帝祭祀活动的场所，拥有精美的雕刻和对称的建筑。
*   **建议:** 游览祈年殿、回音壁、真言台、圆周道等。

**3. 798艺术区**

*   **地址:** 北京市海淀区国贸路北
*   **开放时间:** 每天 10:00 - 22:00 (需提前预约)
*   **门票:** 免费 (但可购买展览门票)
*   **亮点:** 充满艺术气息的创意园区，汇集了国内外众多艺术家的作品，涵盖绘画、雕塑、装置艺术、摄影、设计等。
*   **建议:**  提前规划好你的观赏路线，重点关注一些展品。

**4. 颐和园**

*   **地址:** 北京市望京区
*   **开放时间:** 每天 7:30 - 17:00 (需提前预约)
*   **门票:** 均价 60 元
*   **亮点:** 中国古典园林的代表，拥有精美的建筑、湖泊、山水、桥梁、亭台楼阁等，环境优美，景色宜人。
*   **建议:**  沿着湖道漫步，欣赏各种园林景观。

**5. 景山公园**

*   **地址:** 北京市天安门东路北 7号
*   **开放时间:** 每天 6:30 - 18:00 (需提前预约)
*   **门票:** 均价 30 元
*   **亮点:**  俯瞰故宫的壮丽景色，同时提供休闲散步和拍照打卡的好去处。
*   **建议:**  从天安门广场出发，沿着山路攀登，欣赏故宫的全景。


**接下来，为了更好地推荐，请告诉我你更感兴趣的：**

1.  **你想了解哪方面的景点？**
2.  **你大概有多少时间在北京？**
3.  **你的旅行预算是多少？** (大致范围，例如：经济型、中等、豪华型)
4.  **你喜欢什么类型的活动？** (例如：美食、购物、历史文化、自然风光、休闲娱乐等)

请尽可能详细地告诉我你的需求，我才能为你提供更精准、更完善的旅行计划！
]]></system-out>
  </testcase>
  <testcase name="testDoChat" classname="com.zluolan.zaiagent.app.TravelAppTest" time="7.537">
    <system-out><![CDATA[2025-10-23T15:38:18.992+08:00  INFO 23336 --- [travel-planner] [           main] com.zluolan.zaiagent.app.TravelApp       : TravelApp response: 太棒了！北京是一个充满历史文化底蕴的绝佳目的地。我很高兴为您提供北京旅游的建议，咱们可以从以下几个方面入手，希望能帮您规划一个精彩的旅程：

**1. 适合人群的推荐：**

*   **情侣旅行：** 巴黎、罗马、京都等西方文化风情，北京可以为您提供丰富的历史文化背景和浪漫氛围。
*   **家庭旅行：** 故宫、颐和园、天坛等景点，可以带上孩子，让他们在历史文化中学习和成长。
*   **商务旅行：** 鸟巢、真故事、国家博物馆等，可以充分利用北京的商业和文化资源。
*   **历史爱好者：** 故宫、长城、十三唐宫等，可以深入了解中国历史的脉络。
*   **美食爱好者：** 北京烤鸭、胡同美食、老北京小吃等，可以品尝地道北京美食。

**2. 经典行程（3-5天）：**

以下行程是根据不同人群的特点而设计的，您可以根据自己的兴趣和时间选择：

*   **经典必访：**
    *   **故宫：** 参观皇家园林，感受中国古代宫廷的 grandeur。
    *   **长城：** 雄伟的长城，无论是黄八部的壮丽，还是漫长的历史，都令人叹为观止。建议选择八达段或慕田峪段。
    *   **天坛：** 了解古代祭祀文化，欣赏古老的坛和祈年殿。
    *   **颐和园：** 欣赏皇家园林的精致和艺术，感受皇家园林的意境。
    *   **景山公园：** 俯瞰故宫全景，可以进行拍照，还有各种景点。
*   **文化艺术：**
    *   **中国国家博物馆：** 了解中国历史和文化，特别是珍宝馆和故宫博物院的藏品。
    *   **798艺术区：** 欣赏当代艺术，感受北京的艺术氛围。
    *   **雍和宫：** 参观藏传佛教艺术，感受佛教文化。
*   **美食之旅：**
    *   **王府井小吃街：** 品尝北京特色小吃，如烤鸭、炸酱面、豆汁等。
    *   **南锣鼓巷：** 体验北京的街头美食，品尝各种小吃。
    *   **簋街：** 尝试各种网红小吃和酒吧。
*   **夜景与休闲：**
    *   **胡同漫步：** 漫步在胡同里，感受北京的城市氛围。
    *   **南锣鼓巷夜景：** 欣赏南锣鼓巷的夜景，感受北京的活力。

**3. 详细行程示例（3天）：**

*   **第一天：** 故宫初览，午餐 - 景山公园俯瞰故宫。
*   **第二天：** 长城一日游，午餐 - 天坛公园。
*   **第三天：** 颐和园，午餐 - 体验老北京小吃，晚上逛南锣鼓巷。

**4. 预算建议：**

*   **经济型：** 住宿：1000-1500元，交通：500-800元，餐饮：800-1200元，景点门票：400-600元。总预算：3500-5500元。
*   **舒适型：** 住宿：1800-2500元，交通：800-1200元，餐饮：1200-1800元，景点门票：600-900元。总预算：5500-8300元。
*   **豪华型：** 住宿：3000-5000元，交通：1500-2500元，餐饮：2000-3000元，景点门票：1000-1500元。总预算：8500-14500元。

**5. 交通建议：**

*   北京地铁非常发达，是出行最便捷的方式。
*   公交也是一个不错的选择，可以到达一些景点。
*   建议购买北京通卡，方便乘坐地铁和公交。

**6. 实用贴士和注意事项：**

*   **提前预订酒店和景点门票：** 尤其是在旅游旺季，提前预订可以避免排队和涨价。
*   **学习一些基本的中文：** 即使是英语，也能帮助您更好地与当地人交流。
*   **注意交通安全：** 北京的交通比较拥堵，要注意安全。
*   **尊重当地文化：** 参观寺庙和古迹时，要注意穿着得体，不要打扰当地宗教活动。

**现在，您想了解哪些方面的信息呢？ 比如：**

*   您对哪一地区（故宫、长城、颐和园等等）更感兴趣？
*   您是独自旅行还是和朋友一起？
*   您有什么特别的旅行偏好（比如美食、历史、艺术等）？
*   您是否有其他问题想问我吗？
普通对话测试结果: 太棒了！北京是一个充满历史文化底蕴的绝佳目的地。我很高兴为您提供北京旅游的建议，咱们可以从以下几个方面入手，希望能帮您规划一个精彩的旅程：

**1. 适合人群的推荐：**

*   **情侣旅行：** 巴黎、罗马、京都等西方文化风情，北京可以为您提供丰富的历史文化背景和浪漫氛围。
*   **家庭旅行：** 故宫、颐和园、天坛等景点，可以带上孩子，让他们在历史文化中学习和成长。
*   **商务旅行：** 鸟巢、真故事、国家博物馆等，可以充分利用北京的商业和文化资源。
*   **历史爱好者：** 故宫、长城、十三唐宫等，可以深入了解中国历史的脉络。
*   **美食爱好者：** 北京烤鸭、胡同美食、老北京小吃等，可以品尝地道北京美食。

**2. 经典行程（3-5天）：**

以下行程是根据不同人群的特点而设计的，您可以根据自己的兴趣和时间选择：

*   **经典必访：**
    *   **故宫：** 参观皇家园林，感受中国古代宫廷的 grandeur。
    *   **长城：** 雄伟的长城，无论是黄八部的壮丽，还是漫长的历史，都令人叹为观止。建议选择八达段或慕田峪段。
    *   **天坛：** 了解古代祭祀文化，欣赏古老的坛和祈年殿。
    *   **颐和园：** 欣赏皇家园林的精致和艺术，感受皇家园林的意境。
    *   **景山公园：** 俯瞰故宫全景，可以进行拍照，还有各种景点。
*   **文化艺术：**
    *   **中国国家博物馆：** 了解中国历史和文化，特别是珍宝馆和故宫博物院的藏品。
    *   **798艺术区：** 欣赏当代艺术，感受北京的艺术氛围。
    *   **雍和宫：** 参观藏传佛教艺术，感受佛教文化。
*   **美食之旅：**
    *   **王府井小吃街：** 品尝北京特色小吃，如烤鸭、炸酱面、豆汁等。
    *   **南锣鼓巷：** 体验北京的街头美食，品尝各种小吃。
    *   **簋街：** 尝试各种网红小吃和酒吧。
*   **夜景与休闲：**
    *   **胡同漫步：** 漫步在胡同里，感受北京的城市氛围。
    *   **南锣鼓巷夜景：** 欣赏南锣鼓巷的夜景，感受北京的活力。

**3. 详细行程示例（3天）：**

*   **第一天：** 故宫初览，午餐 - 景山公园俯瞰故宫。
*   **第二天：** 长城一日游，午餐 - 天坛公园。
*   **第三天：** 颐和园，午餐 - 体验老北京小吃，晚上逛南锣鼓巷。

**4. 预算建议：**

*   **经济型：** 住宿：1000-1500元，交通：500-800元，餐饮：800-1200元，景点门票：400-600元。总预算：3500-5500元。
*   **舒适型：** 住宿：1800-2500元，交通：800-1200元，餐饮：1200-1800元，景点门票：600-900元。总预算：5500-8300元。
*   **豪华型：** 住宿：3000-5000元，交通：1500-2500元，餐饮：2000-3000元，景点门票：1000-1500元。总预算：8500-14500元。

**5. 交通建议：**

*   北京地铁非常发达，是出行最便捷的方式。
*   公交也是一个不错的选择，可以到达一些景点。
*   建议购买北京通卡，方便乘坐地铁和公交。

**6. 实用贴士和注意事项：**

*   **提前预订酒店和景点门票：** 尤其是在旅游旺季，提前预订可以避免排队和涨价。
*   **学习一些基本的中文：** 即使是英语，也能帮助您更好地与当地人交流。
*   **注意交通安全：** 北京的交通比较拥堵，要注意安全。
*   **尊重当地文化：** 参观寺庙和古迹时，要注意穿着得体，不要打扰当地宗教活动。

**现在，您想了解哪些方面的信息呢？ 比如：**

*   您对哪一地区（故宫、长城、颐和园等等）更感兴趣？
*   您是独自旅行还是和朋友一起？
*   您有什么特别的旅行偏好（比如美食、历史、艺术等）？
*   您是否有其他问题想问我吗？
]]></system-out>
  </testcase>
  <testcase name="testDoChatWithAgent" classname="com.zluolan.zaiagent.app.TravelAppTest" time="0.036">
    <system-out><![CDATA[2025-10-23T15:38:19.006+08:00  INFO 23336 --- [travel-planner] [           main] com.zluolan.zaiagent.app.TravelApp       : 开始智能体旅游规划对话 - 消息: 帮我规划一个去北京的3天2夜旅游行程, 会话ID: test-agent-1761205099006
2025-10-23T15:38:19.011+08:00 ERROR 23336 --- [travel-planner] [           main] com.zluolan.zaiagent.app.TravelApp       : 智能体对话失败

java.lang.RuntimeException: Cannot run agent from state: FINISHED
	at com.zluolan.zaiagent.agent.BaseAgent.run(BaseAgent.java:54) ~[classes/:na]
	at com.zluolan.zaiagent.app.TravelApp.doChatWithAgent(TravelApp.java:148) ~[classes/:na]
	at com.zluolan.zaiagent.app.TravelAppTest.testDoChatWithAgent(TravelAppTest.java:78) ~[test-classes/:na]
	at java.base/jdk.internal.reflect.DirectMethodHandleAccessor.invoke(DirectMethodHandleAccessor.java:103) ~[na:na]
	at java.base/java.lang.reflect.Method.invoke(Method.java:580) ~[na:na]
	at org.junit.platform.commons.util.ReflectionUtils.invokeMethod(ReflectionUtils.java:767) ~[junit-platform-commons-1.11.4.jar:1.11.4]
	at org.junit.jupiter.engine.execution.MethodInvocation.proceed(MethodInvocation.java:60) ~[junit-jupiter-engine-5.11.4.jar:5.11.4]
	at org.junit.jupiter.engine.execution.InvocationInterceptorChain$ValidatingInvocation.proceed(InvocationInterceptorChain.java:131) ~[junit-jupiter-engine-5.11.4.jar:5.11.4]
	at org.junit.jupiter.engine.extension.TimeoutExtension.intercept(TimeoutExtension.java:156) ~[junit-jupiter-engine-5.11.4.jar:5.11.4]
	at org.junit.jupiter.engine.extension.TimeoutExtension.interceptTestableMethod(TimeoutExtension.java:147) ~[junit-jupiter-engine-5.11.4.jar:5.11.4]
	at org.junit.jupiter.engine.extension.TimeoutExtension.interceptTestMethod(TimeoutExtension.java:86) ~[junit-jupiter-engine-5.11.4.jar:5.11.4]
	at org.junit.jupiter.engine.execution.InterceptingExecutableInvoker$ReflectiveInterceptorCall.lambda$ofVoidMethod$0(InterceptingExecutableInvoker.java:103) ~[junit-jupiter-engine-5.11.4.jar:5.11.4]
	at org.junit.jupiter.engine.execution.InterceptingExecutableInvoker.lambda$invoke$0(InterceptingExecutableInvoker.java:93) ~[junit-jupiter-engine-5.11.4.jar:5.11.4]
	at org.junit.jupiter.engine.execution.InvocationInterceptorChain$InterceptedInvocation.proceed(InvocationInterceptorChain.java:106) ~[junit-jupiter-engine-5.11.4.jar:5.11.4]
	at org.junit.jupiter.engine.execution.InvocationInterceptorChain.proceed(InvocationInterceptorChain.java:64) ~[junit-jupiter-engine-5.11.4.jar:5.11.4]
	at org.junit.jupiter.engine.execution.InvocationInterceptorChain.chainAndInvoke(InvocationInterceptorChain.java:45) ~[junit-jupiter-engine-5.11.4.jar:5.11.4]
	at org.junit.jupiter.engine.execution.InvocationInterceptorChain.invoke(InvocationInterceptorChain.java:37) ~[junit-jupiter-engine-5.11.4.jar:5.11.4]
	at org.junit.jupiter.engine.execution.InterceptingExecutableInvoker.invoke(InterceptingExecutableInvoker.java:92) ~[junit-jupiter-engine-5.11.4.jar:5.11.4]
	at org.junit.jupiter.engine.execution.InterceptingExecutableInvoker.invoke(InterceptingExecutableInvoker.java:86) ~[junit-jupiter-engine-5.11.4.jar:5.11.4]
	at org.junit.jupiter.engine.descriptor.TestMethodTestDescriptor.lambda$invokeTestMethod$8(TestMethodTestDescriptor.java:217) ~[junit-jupiter-engine-5.11.4.jar:5.11.4]
	at org.junit.platform.engine.support.hierarchical.ThrowableCollector.execute(ThrowableCollector.java:73) ~[junit-platform-engine-1.11.4.jar:1.11.4]
	at org.junit.jupiter.engine.descriptor.TestMethodTestDescriptor.invokeTestMethod(TestMethodTestDescriptor.java:213) ~[junit-jupiter-engine-5.11.4.jar:5.11.4]
	at org.junit.jupiter.engine.descriptor.TestMethodTestDescriptor.execute(TestMethodTestDescriptor.java:138) ~[junit-jupiter-engine-5.11.4.jar:5.11.4]
	at org.junit.jupiter.engine.descriptor.TestMethodTestDescriptor.execute(TestMethodTestDescriptor.java:68) ~[junit-jupiter-engine-5.11.4.jar:5.11.4]
	at org.junit.platform.engine.support.hierarchical.NodeTestTask.lambda$executeRecursively$6(NodeTestTask.java:156) ~[junit-platform-engine-1.11.4.jar:1.11.4]
	at org.junit.platform.engine.support.hierarchical.ThrowableCollector.execute(ThrowableCollector.java:73) ~[junit-platform-engine-1.11.4.jar:1.11.4]
	at org.junit.platform.engine.support.hierarchical.NodeTestTask.lambda$executeRecursively$8(NodeTestTask.java:146) ~[junit-platform-engine-1.11.4.jar:1.11.4]
	at org.junit.platform.engine.support.hierarchical.Node.around(Node.java:137) ~[junit-platform-engine-1.11.4.jar:1.11.4]
	at org.junit.platform.engine.support.hierarchical.NodeTestTask.lambda$executeRecursively$9(NodeTestTask.java:144) ~[junit-platform-engine-1.11.4.jar:1.11.4]
	at org.junit.platform.engine.support.hierarchical.ThrowableCollector.execute(ThrowableCollector.java:73) ~[junit-platform-engine-1.11.4.jar:1.11.4]
	at org.junit.platform.engine.support.hierarchical.NodeTestTask.executeRecursively(NodeTestTask.java:143) ~[junit-platform-engine-1.11.4.jar:1.11.4]
	at org.junit.platform.engine.support.hierarchical.NodeTestTask.execute(NodeTestTask.java:100) ~[junit-platform-engine-1.11.4.jar:1.11.4]
	at java.base/java.util.ArrayList.forEach(ArrayList.java:1596) ~[na:na]
	at org.junit.platform.engine.support.hierarchical.SameThreadHierarchicalTestExecutorService.invokeAll(SameThreadHierarchicalTestExecutorService.java:41) ~[junit-platform-engine-1.11.4.jar:1.11.4]
	at org.junit.platform.engine.support.hierarchical.NodeTestTask.lambda$executeRecursively$6(NodeTestTask.java:160) ~[junit-platform-engine-1.11.4.jar:1.11.4]
	at org.junit.platform.engine.support.hierarchical.ThrowableCollector.execute(ThrowableCollector.java:73) ~[junit-platform-engine-1.11.4.jar:1.11.4]
	at org.junit.platform.engine.support.hierarchical.NodeTestTask.lambda$executeRecursively$8(NodeTestTask.java:146) ~[junit-platform-engine-1.11.4.jar:1.11.4]
	at org.junit.platform.engine.support.hierarchical.Node.around(Node.java:137) ~[junit-platform-engine-1.11.4.jar:1.11.4]
	at org.junit.platform.engine.support.hierarchical.NodeTestTask.lambda$executeRecursively$9(NodeTestTask.java:144) ~[junit-platform-engine-1.11.4.jar:1.11.4]
	at org.junit.platform.engine.support.hierarchical.ThrowableCollector.execute(ThrowableCollector.java:73) ~[junit-platform-engine-1.11.4.jar:1.11.4]
	at org.junit.platform.engine.support.hierarchical.NodeTestTask.executeRecursively(NodeTestTask.java:143) ~[junit-platform-engine-1.11.4.jar:1.11.4]
	at org.junit.platform.engine.support.hierarchical.NodeTestTask.execute(NodeTestTask.java:100) ~[junit-platform-engine-1.11.4.jar:1.11.4]
	at java.base/java.util.ArrayList.forEach(ArrayList.java:1596) ~[na:na]
	at org.junit.platform.engine.support.hierarchical.SameThreadHierarchicalTestExecutorService.invokeAll(SameThreadHierarchicalTestExecutorService.java:41) ~[junit-platform-engine-1.11.4.jar:1.11.4]
	at org.junit.platform.engine.support.hierarchical.NodeTestTask.lambda$executeRecursively$6(NodeTestTask.java:160) ~[junit-platform-engine-1.11.4.jar:1.11.4]
	at org.junit.platform.engine.support.hierarchical.ThrowableCollector.execute(ThrowableCollector.java:73) ~[junit-platform-engine-1.11.4.jar:1.11.4]
	at org.junit.platform.engine.support.hierarchical.NodeTestTask.lambda$executeRecursively$8(NodeTestTask.java:146) ~[junit-platform-engine-1.11.4.jar:1.11.4]
	at org.junit.platform.engine.support.hierarchical.Node.around(Node.java:137) ~[junit-platform-engine-1.11.4.jar:1.11.4]
	at org.junit.platform.engine.support.hierarchical.NodeTestTask.lambda$executeRecursively$9(NodeTestTask.java:144) ~[junit-platform-engine-1.11.4.jar:1.11.4]
	at org.junit.platform.engine.support.hierarchical.ThrowableCollector.execute(ThrowableCollector.java:73) ~[junit-platform-engine-1.11.4.jar:1.11.4]
	at org.junit.platform.engine.support.hierarchical.NodeTestTask.executeRecursively(NodeTestTask.java:143) ~[junit-platform-engine-1.11.4.jar:1.11.4]
	at org.junit.platform.engine.support.hierarchical.NodeTestTask.execute(NodeTestTask.java:100) ~[junit-platform-engine-1.11.4.jar:1.11.4]
	at org.junit.platform.engine.support.hierarchical.SameThreadHierarchicalTestExecutorService.submit(SameThreadHierarchicalTestExecutorService.java:35) ~[junit-platform-engine-1.11.4.jar:1.11.4]
	at org.junit.platform.engine.support.hierarchical.HierarchicalTestExecutor.execute(HierarchicalTestExecutor.java:57) ~[junit-platform-engine-1.11.4.jar:1.11.4]
	at org.junit.platform.engine.support.hierarchical.HierarchicalTestEngine.execute(HierarchicalTestEngine.java:54) ~[junit-platform-engine-1.11.4.jar:1.11.4]
	at org.junit.platform.launcher.core.EngineExecutionOrchestrator.execute(EngineExecutionOrchestrator.java:198) ~[junit-platform-launcher-1.11.4.jar:1.11.4]
	at org.junit.platform.launcher.core.EngineExecutionOrchestrator.execute(EngineExecutionOrchestrator.java:169) ~[junit-platform-launcher-1.11.4.jar:1.11.4]
	at org.junit.platform.launcher.core.EngineExecutionOrchestrator.execute(EngineExecutionOrchestrator.java:93) ~[junit-platform-launcher-1.11.4.jar:1.11.4]
	at org.junit.platform.launcher.core.EngineExecutionOrchestrator.lambda$execute$0(EngineExecutionOrchestrator.java:58) ~[junit-platform-launcher-1.11.4.jar:1.11.4]
	at org.junit.platform.launcher.core.EngineExecutionOrchestrator.withInterceptedStreams(EngineExecutionOrchestrator.java:141) ~[junit-platform-launcher-1.11.4.jar:1.11.4]
	at org.junit.platform.launcher.core.EngineExecutionOrchestrator.execute(EngineExecutionOrchestrator.java:57) ~[junit-platform-launcher-1.11.4.jar:1.11.4]
	at org.junit.platform.launcher.core.DefaultLauncher.execute(DefaultLauncher.java:103) ~[junit-platform-launcher-1.11.4.jar:1.11.4]
	at org.junit.platform.launcher.core.DefaultLauncher.execute(DefaultLauncher.java:85) ~[junit-platform-launcher-1.11.4.jar:1.11.4]
	at org.junit.platform.launcher.core.DelegatingLauncher.execute(DelegatingLauncher.java:47) ~[junit-platform-launcher-1.11.4.jar:1.11.4]
	at org.apache.maven.surefire.junitplatform.LazyLauncher.execute(LazyLauncher.java:56) ~[surefire-junit-platform-3.5.3.jar:3.5.3]
	at org.apache.maven.surefire.junitplatform.JUnitPlatformProvider.execute(JUnitPlatformProvider.java:194) ~[surefire-junit-platform-3.5.3.jar:3.5.3]
	at org.apache.maven.surefire.junitplatform.JUnitPlatformProvider.invokeAllTests(JUnitPlatformProvider.java:150) ~[surefire-junit-platform-3.5.3.jar:3.5.3]
	at org.apache.maven.surefire.junitplatform.JUnitPlatformProvider.invoke(JUnitPlatformProvider.java:124) ~[surefire-junit-platform-3.5.3.jar:3.5.3]
	at org.apache.maven.surefire.booter.ForkedBooter.runSuitesInProcess(ForkedBooter.java:385) ~[surefire-booter-3.5.3.jar:3.5.3]
	at org.apache.maven.surefire.booter.ForkedBooter.execute(ForkedBooter.java:162) ~[surefire-booter-3.5.3.jar:3.5.3]
	at org.apache.maven.surefire.booter.ForkedBooter.run(ForkedBooter.java:507) ~[surefire-booter-3.5.3.jar:3.5.3]
	at org.apache.maven.surefire.booter.ForkedBooter.main(ForkedBooter.java:495) ~[surefire-booter-3.5.3.jar:3.5.3]

智能体对话测试结果: 抱歉，智能体遇到了一些问题，请稍后再试。错误信息: Cannot run agent from state: FINISHED
]]></system-out>
  </testcase>
  <testcase name="testDoChatWithTools" classname="com.zluolan.zaiagent.app.TravelAppTest" time="5.581">
    <system-out><![CDATA[2025-10-23T15:38:19.073+08:00  INFO 23336 --- [travel-planner] [           main] c.z.zaiagent.advisor.MyLoggerAdvisor     : AI Request: 帮我搜索北京的景点信息
2025-10-23T15:38:24.637+08:00  INFO 23336 --- [travel-planner] [           main] c.z.zaiagent.advisor.MyLoggerAdvisor     : AI Response: 好的，没问题！很高兴为您提供北京的景点信息。北京拥有丰富的历史文化遗产和现代魅力，以下我为您整理了重点景点和信息，希望能帮助您更好地规划您的北京之旅：

**一、历史文化景点：**

* **故宫博物院：** 这是北京的标志性景点，也是世界闻名的博物馆。可以参观宫殿、珍宝馆、书画馆等，感受中国古代皇家文化的辉煌。
    * **亮点：** 故宫的建筑精美，文物珍宝丰富，宫殿内部的场景和布局也让人叹为观止。
    * **建议时间：** 至少 3-4 小时，建议提前预约门票。
* **天安门广场：** 首都的中心，是北京的灵魂。可以观看升旗仪式，感受历史的氛围。
* **颐和园：** 古清池，园林景观，是北京历史文化的重要组成部分，可以欣赏皇家园林的精致。
    * **亮点：** 昆明湖，柳叶山，园林风格典雅。
* **长城（八达岭长城）：** 世界文化遗产，可以近距离感受历史的震撼。
* **天坛：** 祭祀场所，古老的祭祀建筑，了解古代祭祀文化。
* **雍和宫：** 位于北京的唯一一家藏传佛教寺庙，拥有精美的藏传佛教艺术品和庭院。
* **北海公园：** 位于北京市中心，可以欣赏京外景色，体验宁静的氛围。

**二、现代景点：**

* **798艺术区：** 现代艺术展览，艺术街区，有很多艺术画廊和咖啡馆。
* **国家博物馆：** 中国第一座综合性博物馆，收藏了大量珍贵文物和艺术品。
* **中国国家博物馆大楼：** 参观中国艺术及文化瑰宝。
* **圆明园遗址公园：** 历史遗迹，提供了解北京历史的视角。
* **景泰寺：** 位于北京市中心，是北京最古老的寺庙之一。
* **北京森林公园：** 拥有美丽的公园和湖泊，适合休闲散步。

**三、其他值得推荐的景点：**

* **景泰蓝博物馆：** 了解北京景泰蓝的艺术魅力。
* **动物园：** 亲近动物，体验北京的生态。
* **胡同巡游：** 体验北京传统生活方式。

**四、行程建议（3-5天）：**

* **第一天：** 故宫、景泰蓝博物馆。
* **第二天：** 天安门广场、长城（八达岭）。
* **第三天：** 颐和园、雍和宫。
* **第四天：** 798艺术区、国家博物馆。
* **第五天：** 景泰蓝博物馆、其他感兴趣的景点（根据个人喜好）。

**五、交通建议：**

* **地铁：** 北京的地铁网络非常发达，是出行最便捷的方式。
* **公交车：** 覆盖范围广，但可能会比较拥挤。
* **出租车/网约车：** 方便快捷，但费用较高。

**六、预算建议（大致）：**

* **交通：** 约 500 - 1000 元
* **住宿：** 约 1000 - 3000 元（根据酒店档次和住宿地点）
* **餐饮：** 约 800 - 2000 元（根据餐厅类型和消费水平）
* **门票：** 约 300 - 600 元（根据景点和购买方式）
* **总计：** 约 2000 - 5000 元（根据个人消费习惯）

**请问您对哪些方面更感兴趣呢？**  您想了解：

*  具体的景点信息？
*  哪些类型的行程适合您？（例如：亲子游、美食游、历史文化游？）
*  您希望我提供更详细的交通建议吗？
*  有没有特别想去的景点？
2025-10-23T15:38:24.637+08:00  INFO 23336 --- [travel-planner] [           main] com.zluolan.zaiagent.app.TravelApp       : TravelApp with tools response: 好的，没问题！很高兴为您提供北京的景点信息。北京拥有丰富的历史文化遗产和现代魅力，以下我为您整理了重点景点和信息，希望能帮助您更好地规划您的北京之旅：

**一、历史文化景点：**

* **故宫博物院：** 这是北京的标志性景点，也是世界闻名的博物馆。可以参观宫殿、珍宝馆、书画馆等，感受中国古代皇家文化的辉煌。
    * **亮点：** 故宫的建筑精美，文物珍宝丰富，宫殿内部的场景和布局也让人叹为观止。
    * **建议时间：** 至少 3-4 小时，建议提前预约门票。
* **天安门广场：** 首都的中心，是北京的灵魂。可以观看升旗仪式，感受历史的氛围。
* **颐和园：** 古清池，园林景观，是北京历史文化的重要组成部分，可以欣赏皇家园林的精致。
    * **亮点：** 昆明湖，柳叶山，园林风格典雅。
* **长城（八达岭长城）：** 世界文化遗产，可以近距离感受历史的震撼。
* **天坛：** 祭祀场所，古老的祭祀建筑，了解古代祭祀文化。
* **雍和宫：** 位于北京的唯一一家藏传佛教寺庙，拥有精美的藏传佛教艺术品和庭院。
* **北海公园：** 位于北京市中心，可以欣赏京外景色，体验宁静的氛围。

**二、现代景点：**

* **798艺术区：** 现代艺术展览，艺术街区，有很多艺术画廊和咖啡馆。
* **国家博物馆：** 中国第一座综合性博物馆，收藏了大量珍贵文物和艺术品。
* **中国国家博物馆大楼：** 参观中国艺术及文化瑰宝。
* **圆明园遗址公园：** 历史遗迹，提供了解北京历史的视角。
* **景泰寺：** 位于北京市中心，是北京最古老的寺庙之一。
* **北京森林公园：** 拥有美丽的公园和湖泊，适合休闲散步。

**三、其他值得推荐的景点：**

* **景泰蓝博物馆：** 了解北京景泰蓝的艺术魅力。
* **动物园：** 亲近动物，体验北京的生态。
* **胡同巡游：** 体验北京传统生活方式。

**四、行程建议（3-5天）：**

* **第一天：** 故宫、景泰蓝博物馆。
* **第二天：** 天安门广场、长城（八达岭）。
* **第三天：** 颐和园、雍和宫。
* **第四天：** 798艺术区、国家博物馆。
* **第五天：** 景泰蓝博物馆、其他感兴趣的景点（根据个人喜好）。

**五、交通建议：**

* **地铁：** 北京的地铁网络非常发达，是出行最便捷的方式。
* **公交车：** 覆盖范围广，但可能会比较拥挤。
* **出租车/网约车：** 方便快捷，但费用较高。

**六、预算建议（大致）：**

* **交通：** 约 500 - 1000 元
* **住宿：** 约 1000 - 3000 元（根据酒店档次和住宿地点）
* **餐饮：** 约 800 - 2000 元（根据餐厅类型和消费水平）
* **门票：** 约 300 - 600 元（根据景点和购买方式）
* **总计：** 约 2000 - 5000 元（根据个人消费习惯）

**请问您对哪些方面更感兴趣呢？**  您想了解：

*  具体的景点信息？
*  哪些类型的行程适合您？（例如：亲子游、美食游、历史文化游？）
*  您希望我提供更详细的交通建议吗？
*  有没有特别想去的景点？
工具调用测试结果: 好的，没问题！很高兴为您提供北京的景点信息。北京拥有丰富的历史文化遗产和现代魅力，以下我为您整理了重点景点和信息，希望能帮助您更好地规划您的北京之旅：

**一、历史文化景点：**

* **故宫博物院：** 这是北京的标志性景点，也是世界闻名的博物馆。可以参观宫殿、珍宝馆、书画馆等，感受中国古代皇家文化的辉煌。
    * **亮点：** 故宫的建筑精美，文物珍宝丰富，宫殿内部的场景和布局也让人叹为观止。
    * **建议时间：** 至少 3-4 小时，建议提前预约门票。
* **天安门广场：** 首都的中心，是北京的灵魂。可以观看升旗仪式，感受历史的氛围。
* **颐和园：** 古清池，园林景观，是北京历史文化的重要组成部分，可以欣赏皇家园林的精致。
    * **亮点：** 昆明湖，柳叶山，园林风格典雅。
* **长城（八达岭长城）：** 世界文化遗产，可以近距离感受历史的震撼。
* **天坛：** 祭祀场所，古老的祭祀建筑，了解古代祭祀文化。
* **雍和宫：** 位于北京的唯一一家藏传佛教寺庙，拥有精美的藏传佛教艺术品和庭院。
* **北海公园：** 位于北京市中心，可以欣赏京外景色，体验宁静的氛围。

**二、现代景点：**

* **798艺术区：** 现代艺术展览，艺术街区，有很多艺术画廊和咖啡馆。
* **国家博物馆：** 中国第一座综合性博物馆，收藏了大量珍贵文物和艺术品。
* **中国国家博物馆大楼：** 参观中国艺术及文化瑰宝。
* **圆明园遗址公园：** 历史遗迹，提供了解北京历史的视角。
* **景泰寺：** 位于北京市中心，是北京最古老的寺庙之一。
* **北京森林公园：** 拥有美丽的公园和湖泊，适合休闲散步。

**三、其他值得推荐的景点：**

* **景泰蓝博物馆：** 了解北京景泰蓝的艺术魅力。
* **动物园：** 亲近动物，体验北京的生态。
* **胡同巡游：** 体验北京传统生活方式。

**四、行程建议（3-5天）：**

* **第一天：** 故宫、景泰蓝博物馆。
* **第二天：** 天安门广场、长城（八达岭）。
* **第三天：** 颐和园、雍和宫。
* **第四天：** 798艺术区、国家博物馆。
* **第五天：** 景泰蓝博物馆、其他感兴趣的景点（根据个人喜好）。

**五、交通建议：**

* **地铁：** 北京的地铁网络非常发达，是出行最便捷的方式。
* **公交车：** 覆盖范围广，但可能会比较拥挤。
* **出租车/网约车：** 方便快捷，但费用较高。

**六、预算建议（大致）：**

* **交通：** 约 500 - 1000 元
* **住宿：** 约 1000 - 3000 元（根据酒店档次和住宿地点）
* **餐饮：** 约 800 - 2000 元（根据餐厅类型和消费水平）
* **门票：** 约 300 - 600 元（根据景点和购买方式）
* **总计：** 约 2000 - 5000 元（根据个人消费习惯）

**请问您对哪些方面更感兴趣呢？**  您想了解：

*  具体的景点信息？
*  哪些类型的行程适合您？（例如：亲子游、美食游、历史文化游？）
*  您希望我提供更详细的交通建议吗？
*  有没有特别想去的景点？
]]></system-out>
  </testcase>
  <testcase name="testDoChatWithPlan" classname="com.zluolan.zaiagent.app.TravelAppTest" time="2.527">
    <system-out><![CDATA[2025-10-23T15:38:27.158+08:00  INFO 23336 --- [travel-planner] [           main] com.zluolan.zaiagent.app.TravelApp       : TravelPlan: TravelPlan[destination=上海 (Shanghai), duration=5 days, budget=6000 - 10000 RMB (approximately $900 - $1600 USD), attractions=[外滩 (The Bund), 南京路步行街 (Nanjing Road Shopping District), 豫园 (Yu Garden), 田子坊 (Tianziba), 东方明珠 (Oriental Pearl Tower), 上海博物馆 (Shanghai Museum), 朱家角古镇 (Zhujiaokou Ancient Town), 思南路 (Suyuan Road)], recommendations=[品尝上海特色小吃 (Try Shanghai local snacks), 体验上海的夜生活 (Experience Shanghai nightlife), 购买上海特色纪念品 (Buy Shanghai souvenirs), 体验上海的文化 (Experience Shanghai culture), 乘坐地铁出行 (Use the Shanghai metro), 了解上海的治安情况 (Research Shanghai safety)], itinerary=[Day 1: Arrival & Bund Exploration, Day 2: Yu Garden & Nanjing Road, Day 3:豫园 & 陆家嘴 (Yu Garden & Lujiazui), Day 4:田子坊 & 南京大学路 (Tianziba & Nanjing University Road), Day 5: 博物馆 & 返程 (Museum & Departure)]]
结构化输出测试结果: TravelPlan[destination=上海 (Shanghai), duration=5 days, budget=6000 - 10000 RMB (approximately $900 - $1600 USD), attractions=[外滩 (The Bund), 南京路步行街 (Nanjing Road Shopping District), 豫园 (Yu Garden), 田子坊 (Tianziba), 东方明珠 (Oriental Pearl Tower), 上海博物馆 (Shanghai Museum), 朱家角古镇 (Zhujiaokou Ancient Town), 思南路 (Suyuan Road)], recommendations=[品尝上海特色小吃 (Try Shanghai local snacks), 体验上海的夜生活 (Experience Shanghai nightlife), 购买上海特色纪念品 (Buy Shanghai souvenirs), 体验上海的文化 (Experience Shanghai culture), 乘坐地铁出行 (Use the Shanghai metro), 了解上海的治安情况 (Research Shanghai safety)], itinerary=[Day 1: Arrival & Bund Exploration, Day 2: Yu Garden & Nanjing Road, Day 3:豫园 & 陆家嘴 (Yu Garden & Lujiazui), Day 4:田子坊 & 南京大学路 (Tianziba & Nanjing University Road), Day 5: 博物馆 & 返程 (Museum & Departure)]]
]]></system-out>
  </testcase>
</testsuite>