<?xml version="1.0" encoding="UTF-8"?>
<testsuite xmlns:xsi="http://www.w3.org/2001/XMLSchema-instance" xsi:noNamespaceSchemaLocation="https://maven.apache.org/surefire/maven-surefire-plugin/xsd/surefire-test-report.xsd" version="3.0.2" name="com.zluolan.zaiagent.tools.AttractionSearchToolTest" time="0.713" tests="2" errors="0" skipped="0" failures="0">
  <properties>
    <property name="java.specification.version" value="21"/>
    <property name="sun.cpu.isalist" value="amd64"/>
    <property name="sun.jnu.encoding" value="GBK"/>
    <property name="java.class.path" value="C:\ProgramFiles\AllCodeProjects\zl-ai-agent\target\test-classes;C:\ProgramFiles\AllCodeProjects\zl-ai-agent\target\classes;C:\Users\zluolan\.m2\repository\org\springframework\boot\spring-boot-starter-web\3.4.5\spring-boot-starter-web-3.4.5.jar;C:\Users\zluolan\.m2\repository\org\springframework\boot\spring-boot-starter\3.4.5\spring-boot-starter-3.4.5.jar;C:\Users\zluolan\.m2\repository\org\springframework\boot\spring-boot\3.4.5\spring-boot-3.4.5.jar;C:\Users\zluolan\.m2\repository\org\springframework\boot\spring-boot-autoconfigure\3.4.5\spring-boot-autoconfigure-3.4.5.jar;C:\Users\zluolan\.m2\repository\org\springframework\boot\spring-boot-starter-logging\3.4.5\spring-boot-starter-logging-3.4.5.jar;C:\Users\zluolan\.m2\repository\ch\qos\logback\logback-classic\1.5.18\logback-classic-1.5.18.jar;C:\Users\zluolan\.m2\repository\ch\qos\logback\logback-core\1.5.18\logback-core-1.5.18.jar;C:\Users\zluolan\.m2\repository\org\apache\logging\log4j\log4j-to-slf4j\2.24.3\log4j-to-slf4j-2.24.3.jar;C:\Users\zluolan\.m2\repository\org\apache\logging\log4j\log4j-api\2.24.3\log4j-api-2.24.3.jar;C:\Users\zluolan\.m2\repository\org\slf4j\jul-to-slf4j\2.0.17\jul-to-slf4j-2.0.17.jar;C:\Users\zluolan\.m2\repository\jakarta\annotation\jakarta.annotation-api\2.1.1\jakarta.annotation-api-2.1.1.jar;C:\Users\zluolan\.m2\repository\org\yaml\snakeyaml\2.3\snakeyaml-2.3.jar;C:\Users\zluolan\.m2\repository\org\springframework\boot\spring-boot-starter-json\3.4.5\spring-boot-starter-json-3.4.5.jar;C:\Users\zluolan\.m2\repository\com\fasterxml\jackson\datatype\jackson-datatype-jdk8\2.18.3\jackson-datatype-jdk8-2.18.3.jar;C:\Users\zluolan\.m2\repository\com\fasterxml\jackson\datatype\jackson-datatype-jsr310\2.18.3\jackson-datatype-jsr310-2.18.3.jar;C:\Users\zluolan\.m2\repository\com\fasterxml\jackson\module\jackson-module-parameter-names\2.18.3\jackson-module-parameter-names-2.18.3.jar;C:\Users\zluolan\.m2\repository\org\springframework\boot\spring-boot-starter-tomcat\3.4.5\spring-boot-starter-tomcat-3.4.5.jar;C:\Users\zluolan\.m2\repository\org\apache\tomcat\embed\tomcat-embed-core\10.1.40\tomcat-embed-core-10.1.40.jar;C:\Users\zluolan\.m2\repository\org\apache\tomcat\embed\tomcat-embed-el\10.1.40\tomcat-embed-el-10.1.40.jar;C:\Users\zluolan\.m2\repository\org\apache\tomcat\embed\tomcat-embed-websocket\10.1.40\tomcat-embed-websocket-10.1.40.jar;C:\Users\zluolan\.m2\repository\org\springframework\spring-web\6.2.6\spring-web-6.2.6.jar;C:\Users\zluolan\.m2\repository\org\springframework\spring-beans\6.2.6\spring-beans-6.2.6.jar;C:\Users\zluolan\.m2\repository\io\micrometer\micrometer-observation\1.14.6\micrometer-observation-1.14.6.jar;C:\Users\zluolan\.m2\repository\io\micrometer\micrometer-commons\1.14.6\micrometer-commons-1.14.6.jar;C:\Users\zluolan\.m2\repository\org\springframework\spring-webmvc\6.2.6\spring-webmvc-6.2.6.jar;C:\Users\zluolan\.m2\repository\org\springframework\spring-aop\6.2.6\spring-aop-6.2.6.jar;C:\Users\zluolan\.m2\repository\org\springframework\spring-context\6.2.6\spring-context-6.2.6.jar;C:\Users\zluolan\.m2\repository\org\springframework\spring-expression\6.2.6\spring-expression-6.2.6.jar;C:\Users\zluolan\.m2\repository\com\alibaba\cloud\ai\spring-ai-alibaba-starter-dashscope\1.0.0.2\spring-ai-alibaba-starter-dashscope-1.0.0.2.jar;C:\Users\zluolan\.m2\repository\com\alibaba\cloud\ai\spring-ai-alibaba-autoconfigure-dashscope\1.0.0.2\spring-ai-alibaba-autoconfigure-dashscope-1.0.0.2.jar;C:\Users\zluolan\.m2\repository\org\springframework\ai\spring-ai-autoconfigure-retry\1.0.0\spring-ai-autoconfigure-retry-1.0.0.jar;C:\Users\zluolan\.m2\repository\org\springframework\ai\spring-ai-autoconfigure-model-tool\1.0.0\spring-ai-autoconfigure-model-tool-1.0.0.jar;C:\Users\zluolan\.m2\repository\com\alibaba\cloud\ai\spring-ai-alibaba-starter-memory\1.0.0.2\spring-ai-alibaba-starter-memory-1.0.0.2.jar;C:\Users\zluolan\.m2\repository\com\alibaba\cloud\ai\spring-ai-alibaba-autoconfigure-memory\1.0.0.2\spring-ai-alibaba-autoconfigure-memory-1.0.0.2.jar;C:\Users\zluolan\.m2\repository\com\alibaba\cloud\ai\spring-ai-alibaba-starter-memory-redis\1.0.0.2\spring-ai-alibaba-starter-memory-redis-1.0.0.2.jar;C:\Users\zluolan\.m2\repository\com\alibaba\cloud\ai\spring-ai-alibaba-starter-memory-elasticsearch\1.0.0.2\spring-ai-alibaba-starter-memory-elasticsearch-1.0.0.2.jar;C:\Users\zluolan\.m2\repository\com\alibaba\cloud\ai\spring-ai-alibaba-starter-memory-jdbc\1.0.0.2\spring-ai-alibaba-starter-memory-jdbc-1.0.0.2.jar;C:\Users\zluolan\.m2\repository\com\alibaba\cloud\ai\spring-ai-alibaba-core\1.0.0.2\spring-ai-alibaba-core-1.0.0.2.jar;C:\Users\zluolan\.m2\repository\org\springframework\ai\spring-ai-model\1.0.0\spring-ai-model-1.0.0.jar;C:\Users\zluolan\.m2\repository\org\springframework\ai\spring-ai-template-st\1.0.0\spring-ai-template-st-1.0.0.jar;C:\Users\zluolan\.m2\repository\org\antlr\ST4\4.3.4\ST4-4.3.4.jar;C:\Users\zluolan\.m2\repository\org\antlr\antlr-runtime\3.5.3\antlr-runtime-3.5.3.jar;C:\Users\zluolan\.m2\repository\org\springframework\spring-messaging\6.2.6\spring-messaging-6.2.6.jar;C:\Users\zluolan\.m2\repository\org\antlr\antlr4-runtime\4.13.1\antlr4-runtime-4.13.1.jar;C:\Users\zluolan\.m2\repository\com\github\victools\jsonschema-module-jackson\4.37.0\jsonschema-module-jackson-4.37.0.jar;C:\Users\zluolan\.m2\repository\org\springframework\ai\spring-ai-rag\1.0.0\spring-ai-rag-1.0.0.jar;C:\Users\zluolan\.m2\repository\org\springframework\ai\spring-ai-retry\1.0.0\spring-ai-retry-1.0.0.jar;C:\Users\zluolan\.m2\repository\org\springframework\retry\spring-retry\2.0.11\spring-retry-2.0.11.jar;C:\Users\zluolan\.m2\repository\org\springframework\spring-webflux\6.2.6\spring-webflux-6.2.6.jar;C:\Users\zluolan\.m2\repository\commons-codec\commons-codec\1.17.2\commons-codec-1.17.2.jar;C:\Users\zluolan\.m2\repository\org\apache\opennlp\opennlp-tools\2.3.3\opennlp-tools-2.3.3.jar;C:\Users\zluolan\.m2\repository\org\springframework\ai\spring-ai-model-chat-memory-repository-jdbc\1.0.0\spring-ai-model-chat-memory-repository-jdbc-1.0.0.jar;C:\Users\zluolan\.m2\repository\org\springframework\boot\spring-boot-starter-jdbc\3.4.5\spring-boot-starter-jdbc-3.4.5.jar;C:\Users\zluolan\.m2\repository\com\zaxxer\HikariCP\5.1.0\HikariCP-5.1.0.jar;C:\Users\zluolan\.m2\repository\org\springframework\spring-jdbc\6.2.6\spring-jdbc-6.2.6.jar;C:\Users\zluolan\.m2\repository\org\springframework\spring-tx\6.2.6\spring-tx-6.2.6.jar;C:\Users\zluolan\.m2\repository\org\springframework\ai\spring-ai-starter-model-ollama\1.0.0\spring-ai-starter-model-ollama-1.0.0.jar;C:\Users\zluolan\.m2\repository\org\springframework\ai\spring-ai-autoconfigure-model-ollama\1.0.0\spring-ai-autoconfigure-model-ollama-1.0.0.jar;C:\Users\zluolan\.m2\repository\org\springframework\ai\spring-ai-autoconfigure-model-chat-observation\1.0.0\spring-ai-autoconfigure-model-chat-observation-1.0.0.jar;C:\Users\zluolan\.m2\repository\org\springframework\ai\spring-ai-autoconfigure-model-embedding-observation\1.0.0\spring-ai-autoconfigure-model-embedding-observation-1.0.0.jar;C:\Users\zluolan\.m2\repository\org\springframework\ai\spring-ai-ollama\1.0.0\spring-ai-ollama-1.0.0.jar;C:\Users\zluolan\.m2\repository\org\springframework\ai\spring-ai-autoconfigure-model-chat-client\1.0.0\spring-ai-autoconfigure-model-chat-client-1.0.0.jar;C:\Users\zluolan\.m2\repository\org\springframework\ai\spring-ai-autoconfigure-model-chat-memory\1.0.0\spring-ai-autoconfigure-model-chat-memory-1.0.0.jar;C:\Users\zluolan\.m2\repository\org\springframework\ai\spring-ai-markdown-document-reader\1.0.0\spring-ai-markdown-document-reader-1.0.0.jar;C:\Users\zluolan\.m2\repository\org\springframework\ai\spring-ai-commons\1.0.0\spring-ai-commons-1.0.0.jar;C:\Users\zluolan\.m2\repository\io\micrometer\micrometer-core\1.14.6\micrometer-core-1.14.6.jar;C:\Users\zluolan\.m2\repository\org\hdrhistogram\HdrHistogram\2.2.2\HdrHistogram-2.2.2.jar;C:\Users\zluolan\.m2\repository\org\latencyutils\LatencyUtils\2.0.3\LatencyUtils-2.0.3.jar;C:\Users\zluolan\.m2\repository\io\micrometer\context-propagation\1.1.3\context-propagation-1.1.3.jar;C:\Users\zluolan\.m2\repository\com\fasterxml\jackson\module\jackson-module-jsonSchema\2.18.3\jackson-module-jsonSchema-2.18.3.jar;C:\Users\zluolan\.m2\repository\javax\validation\validation-api\1.1.0.Final\validation-api-1.1.0.Final.jar;C:\Users\zluolan\.m2\repository\com\knuddels\jtokkit\1.1.0\jtokkit-1.1.0.jar;C:\Users\zluolan\.m2\repository\org\commonmark\commonmark\0.22.0\commonmark-0.22.0.jar;C:\Users\zluolan\.m2\repository\org\springframework\ai\spring-ai-advisors-vector-store\1.0.0\spring-ai-advisors-vector-store-1.0.0.jar;C:\Users\zluolan\.m2\repository\org\springframework\ai\spring-ai-client-chat\1.0.0\spring-ai-client-chat-1.0.0.jar;C:\Users\zluolan\.m2\repository\io\swagger\core\v3\swagger-annotations\2.2.25\swagger-annotations-2.2.25.jar;C:\Users\zluolan\.m2\repository\com\github\victools\jsonschema-module-swagger-2\4.37.0\jsonschema-module-swagger-2-4.37.0.jar;C:\Users\zluolan\.m2\repository\io\projectreactor\reactor-core\3.7.5\reactor-core-3.7.5.jar;C:\Users\zluolan\.m2\repository\org\springframework\ai\spring-ai-vector-store\1.0.0\spring-ai-vector-store-1.0.0.jar;C:\Users\zluolan\.m2\repository\com\mysql\mysql-connector-j\9.1.0\mysql-connector-j-9.1.0.jar;C:\Users\zluolan\.m2\repository\org\postgresql\postgresql\42.7.5\postgresql-42.7.5.jar;C:\Users\zluolan\.m2\repository\org\checkerframework\checker-qual\3.48.3\checker-qual-3.48.3.jar;C:\Users\zluolan\.m2\repository\org\springframework\ai\spring-ai-pgvector-store\1.0.0\spring-ai-pgvector-store-1.0.0.jar;C:\Users\zluolan\.m2\repository\com\pgvector\pgvector\0.1.6\pgvector-0.1.6.jar;C:\Users\zluolan\.m2\repository\org\springframework\ai\spring-ai-starter-mcp-client\1.0.0\spring-ai-starter-mcp-client-1.0.0.jar;C:\Users\zluolan\.m2\repository\org\springframework\ai\spring-ai-autoconfigure-mcp-client\1.0.0\spring-ai-autoconfigure-mcp-client-1.0.0.jar;C:\Users\zluolan\.m2\repository\org\springframework\ai\spring-ai-mcp\1.0.0\spring-ai-mcp-1.0.0.jar;C:\Users\zluolan\.m2\repository\io\modelcontextprotocol\sdk\mcp\0.10.0\mcp-0.10.0.jar;C:\Users\zluolan\.m2\repository\org\jsoup\jsoup\1.19.1\jsoup-1.19.1.jar;C:\Users\zluolan\.m2\repository\com\itextpdf\barcodes\9.1.0\barcodes-9.1.0.jar;C:\Users\zluolan\.m2\repository\com\itextpdf\forms\9.1.0\forms-9.1.0.jar;C:\Users\zluolan\.m2\repository\com\itextpdf\hyph\9.1.0\hyph-9.1.0.jar;C:\Users\zluolan\.m2\repository\com\itextpdf\io\9.1.0\io-9.1.0.jar;C:\Users\zluolan\.m2\repository\com\itextpdf\commons\9.1.0\commons-9.1.0.jar;C:\Users\zluolan\.m2\repository\com\itextpdf\kernel\9.1.0\kernel-9.1.0.jar;C:\Users\zluolan\.m2\repository\com\itextpdf\layout\9.1.0\layout-9.1.0.jar;C:\Users\zluolan\.m2\repository\com\itextpdf\pdfa\9.1.0\pdfa-9.1.0.jar;C:\Users\zluolan\.m2\repository\com\itextpdf\sign\9.1.0\sign-9.1.0.jar;C:\Users\zluolan\.m2\repository\com\itextpdf\styled-xml-parser\9.1.0\styled-xml-parser-9.1.0.jar;C:\Users\zluolan\.m2\repository\com\itextpdf\svg\9.1.0\svg-9.1.0.jar;C:\Users\zluolan\.m2\repository\com\itextpdf\bouncy-castle-connector\9.1.0\bouncy-castle-connector-9.1.0.jar;C:\Users\zluolan\.m2\repository\com\itextpdf\pdfua\9.1.0\pdfua-9.1.0.jar;C:\Users\zluolan\.m2\repository\com\itextpdf\font-asian\9.1.0\font-asian-9.1.0.jar;C:\Users\zluolan\.m2\repository\org\slf4j\slf4j-api\2.0.17\slf4j-api-2.0.17.jar;C:\Users\zluolan\.m2\repository\cn\hutool\hutool-all\5.8.37\hutool-all-5.8.37.jar;C:\Users\zluolan\.m2\repository\com\github\xiaoymin\knife4j-openapi3-jakarta-spring-boot-starter\4.4.0\knife4j-openapi3-jakarta-spring-boot-starter-4.4.0.jar;C:\Users\zluolan\.m2\repository\com\github\xiaoymin\knife4j-core\4.4.0\knife4j-core-4.4.0.jar;C:\Users\zluolan\.m2\repository\com\github\xiaoymin\knife4j-openapi3-ui\4.4.0\knife4j-openapi3-ui-4.4.0.jar;C:\Users\zluolan\.m2\repository\com\github\victools\jsonschema-generator\4.38.0\jsonschema-generator-4.38.0.jar;C:\Users\zluolan\.m2\repository\com\fasterxml\classmate\1.7.0\classmate-1.7.0.jar;C:\Users\zluolan\.m2\repository\com\fasterxml\jackson\core\jackson-core\2.18.3\jackson-core-2.18.3.jar;C:\Users\zluolan\.m2\repository\com\fasterxml\jackson\core\jackson-databind\2.18.3\jackson-databind-2.18.3.jar;C:\Users\zluolan\.m2\repository\com\fasterxml\jackson\core\jackson-annotations\2.18.3\jackson-annotations-2.18.3.jar;C:\Users\zluolan\.m2\repository\com\alibaba\dashscope-sdk-java\2.20.1\dashscope-sdk-java-2.20.1.jar;C:\Users\zluolan\.m2\repository\io\reactivex\rxjava2\rxjava\2.2.21\rxjava-2.2.21.jar;C:\Users\zluolan\.m2\repository\org\reactivestreams\reactive-streams\1.0.4\reactive-streams-1.0.4.jar;C:\Users\zluolan\.m2\repository\com\google\code\gson\gson\2.11.0\gson-2.11.0.jar;C:\Users\zluolan\.m2\repository\com\google\errorprone\error_prone_annotations\2.27.0\error_prone_annotations-2.27.0.jar;C:\Users\zluolan\.m2\repository\org\jetbrains\kotlin\kotlin-stdlib-jdk8\1.9.25\kotlin-stdlib-jdk8-1.9.25.jar;C:\Users\zluolan\.m2\repository\org\jetbrains\kotlin\kotlin-stdlib\1.9.25\kotlin-stdlib-1.9.25.jar;C:\Users\zluolan\.m2\repository\org\jetbrains\annotations\13.0\annotations-13.0.jar;C:\Users\zluolan\.m2\repository\org\jetbrains\kotlin\kotlin-stdlib-jdk7\1.9.25\kotlin-stdlib-jdk7-1.9.25.jar;C:\Users\zluolan\.m2\repository\com\squareup\okio\okio\3.6.0\okio-3.6.0.jar;C:\Users\zluolan\.m2\repository\com\squareup\okio\okio-jvm\3.6.0\okio-jvm-3.6.0.jar;C:\Users\zluolan\.m2\repository\org\jetbrains\kotlin\kotlin-stdlib-common\1.9.25\kotlin-stdlib-common-1.9.25.jar;C:\Users\zluolan\.m2\repository\com\squareup\okhttp3\logging-interceptor\4.12.0\logging-interceptor-4.12.0.jar;C:\Users\zluolan\.m2\repository\com\squareup\okhttp3\okhttp-sse\4.12.0\okhttp-sse-4.12.0.jar;C:\Users\zluolan\.m2\repository\com\squareup\okhttp3\okhttp\4.12.0\okhttp-4.12.0.jar;C:\Users\zluolan\.m2\repository\org\projectlombok\lombok\1.18.34\lombok-1.18.34.jar;C:\Users\zluolan\.m2\repository\org\springdoc\springdoc-openapi-starter-webmvc-ui\2.5.0\springdoc-openapi-starter-webmvc-ui-2.5.0.jar;C:\Users\zluolan\.m2\repository\org\springdoc\springdoc-openapi-starter-webmvc-api\2.5.0\springdoc-openapi-starter-webmvc-api-2.5.0.jar;C:\Users\zluolan\.m2\repository\org\springdoc\springdoc-openapi-starter-common\2.5.0\springdoc-openapi-starter-common-2.5.0.jar;C:\Users\zluolan\.m2\repository\io\swagger\core\v3\swagger-core-jakarta\2.2.21\swagger-core-jakarta-2.2.21.jar;C:\Users\zluolan\.m2\repository\org\apache\commons\commons-lang3\3.17.0\commons-lang3-3.17.0.jar;C:\Users\zluolan\.m2\repository\io\swagger\core\v3\swagger-annotations-jakarta\2.2.21\swagger-annotations-jakarta-2.2.21.jar;C:\Users\zluolan\.m2\repository\io\swagger\core\v3\swagger-models-jakarta\2.2.21\swagger-models-jakarta-2.2.21.jar;C:\Users\zluolan\.m2\repository\jakarta\validation\jakarta.validation-api\3.0.2\jakarta.validation-api-3.0.2.jar;C:\Users\zluolan\.m2\repository\com\fasterxml\jackson\dataformat\jackson-dataformat-yaml\2.18.3\jackson-dataformat-yaml-2.18.3.jar;C:\Users\zluolan\.m2\repository\org\webjars\swagger-ui\5.13.0\swagger-ui-5.13.0.jar;C:\Users\zluolan\.m2\repository\com\esotericsoftware\kryo\5.6.2\kryo-5.6.2.jar;C:\Users\zluolan\.m2\repository\com\esotericsoftware\reflectasm\1.11.9\reflectasm-1.11.9.jar;C:\Users\zluolan\.m2\repository\org\objenesis\objenesis\3.4\objenesis-3.4.jar;C:\Users\zluolan\.m2\repository\com\esotericsoftware\minlog\1.3.1\minlog-1.3.1.jar;C:\Users\zluolan\.m2\repository\org\springframework\boot\spring-boot-starter-test\3.4.5\spring-boot-starter-test-3.4.5.jar;C:\Users\zluolan\.m2\repository\org\springframework\boot\spring-boot-test\3.4.5\spring-boot-test-3.4.5.jar;C:\Users\zluolan\.m2\repository\org\springframework\boot\spring-boot-test-autoconfigure\3.4.5\spring-boot-test-autoconfigure-3.4.5.jar;C:\Users\zluolan\.m2\repository\com\jayway\jsonpath\json-path\2.9.0\json-path-2.9.0.jar;C:\Users\zluolan\.m2\repository\jakarta\xml\bind\jakarta.xml.bind-api\4.0.2\jakarta.xml.bind-api-4.0.2.jar;C:\Users\zluolan\.m2\repository\jakarta\activation\jakarta.activation-api\2.1.3\jakarta.activation-api-2.1.3.jar;C:\Users\zluolan\.m2\repository\net\minidev\json-smart\2.5.2\json-smart-2.5.2.jar;C:\Users\zluolan\.m2\repository\net\minidev\accessors-smart\2.5.2\accessors-smart-2.5.2.jar;C:\Users\zluolan\.m2\repository\org\ow2\asm\asm\9.7.1\asm-9.7.1.jar;C:\Users\zluolan\.m2\repository\org\assertj\assertj-core\3.26.3\assertj-core-3.26.3.jar;C:\Users\zluolan\.m2\repository\net\bytebuddy\byte-buddy\1.15.11\byte-buddy-1.15.11.jar;C:\Users\zluolan\.m2\repository\org\awaitility\awaitility\4.2.2\awaitility-4.2.2.jar;C:\Users\zluolan\.m2\repository\org\hamcrest\hamcrest\2.2\hamcrest-2.2.jar;C:\Users\zluolan\.m2\repository\org\junit\jupiter\junit-jupiter\5.11.4\junit-jupiter-5.11.4.jar;C:\Users\zluolan\.m2\repository\org\junit\jupiter\junit-jupiter-api\5.11.4\junit-jupiter-api-5.11.4.jar;C:\Users\zluolan\.m2\repository\org\opentest4j\opentest4j\1.3.0\opentest4j-1.3.0.jar;C:\Users\zluolan\.m2\repository\org\junit\platform\junit-platform-commons\1.11.4\junit-platform-commons-1.11.4.jar;C:\Users\zluolan\.m2\repository\org\apiguardian\apiguardian-api\1.1.2\apiguardian-api-1.1.2.jar;C:\Users\zluolan\.m2\repository\org\junit\jupiter\junit-jupiter-params\5.11.4\junit-jupiter-params-5.11.4.jar;C:\Users\zluolan\.m2\repository\org\junit\jupiter\junit-jupiter-engine\5.11.4\junit-jupiter-engine-5.11.4.jar;C:\Users\zluolan\.m2\repository\org\junit\platform\junit-platform-engine\1.11.4\junit-platform-engine-1.11.4.jar;C:\Users\zluolan\.m2\repository\org\mockito\mockito-core\5.14.2\mockito-core-5.14.2.jar;C:\Users\zluolan\.m2\repository\net\bytebuddy\byte-buddy-agent\1.15.11\byte-buddy-agent-1.15.11.jar;C:\Users\zluolan\.m2\repository\org\mockito\mockito-junit-jupiter\5.14.2\mockito-junit-jupiter-5.14.2.jar;C:\Users\zluolan\.m2\repository\org\skyscreamer\jsonassert\1.5.3\jsonassert-1.5.3.jar;C:\Users\zluolan\.m2\repository\com\vaadin\external\google\android-json\0.0.20131108.vaadin1\android-json-0.0.20131108.vaadin1.jar;C:\Users\zluolan\.m2\repository\org\springframework\spring-core\6.2.6\spring-core-6.2.6.jar;C:\Users\zluolan\.m2\repository\org\springframework\spring-jcl\6.2.6\spring-jcl-6.2.6.jar;C:\Users\zluolan\.m2\repository\org\springframework\spring-test\6.2.6\spring-test-6.2.6.jar;C:\Users\zluolan\.m2\repository\org\xmlunit\xmlunit-core\2.10.0\xmlunit-core-2.10.0.jar;"/>
    <property name="java.vm.vendor" value="Microsoft"/>
    <property name="sun.arch.data.model" value="64"/>
    <property name="user.variant" value=""/>
    <property name="java.vendor.url" value="https://www.microsoft.com"/>
    <property name="user.timezone" value="Asia/Shanghai"/>
    <property name="os.name" value="Windows 11"/>
    <property name="java.vm.specification.version" value="21"/>
    <property name="APPLICATION_NAME" value="travel-planner"/>
    <property name="sun.java.launcher" value="SUN_STANDARD"/>
    <property name="user.country" value="CN"/>
    <property name="sun.boot.library.path" value="C:\Users\zluolan\.jdks\ms-21.0.8\bin"/>
    <property name="sun.java.command" value="C:\Users\zluolan\AppData\Local\Temp\surefire16462373691669974479\surefirebooter-20251023153756865_3.jar C:\Users\zluolan\AppData\Local\Temp\surefire16462373691669974479 2025-10-23T15-37-56_751-jvmRun1 surefire-20251023153756865_1tmp surefire_0-20251023153756865_2tmp"/>
    <property name="jdk.debug" value="release"/>
    <property name="surefire.test.class.path" value="C:\ProgramFiles\AllCodeProjects\zl-ai-agent\target\test-classes;C:\ProgramFiles\AllCodeProjects\zl-ai-agent\target\classes;C:\Users\zluolan\.m2\repository\org\springframework\boot\spring-boot-starter-web\3.4.5\spring-boot-starter-web-3.4.5.jar;C:\Users\zluolan\.m2\repository\org\springframework\boot\spring-boot-starter\3.4.5\spring-boot-starter-3.4.5.jar;C:\Users\zluolan\.m2\repository\org\springframework\boot\spring-boot\3.4.5\spring-boot-3.4.5.jar;C:\Users\zluolan\.m2\repository\org\springframework\boot\spring-boot-autoconfigure\3.4.5\spring-boot-autoconfigure-3.4.5.jar;C:\Users\zluolan\.m2\repository\org\springframework\boot\spring-boot-starter-logging\3.4.5\spring-boot-starter-logging-3.4.5.jar;C:\Users\zluolan\.m2\repository\ch\qos\logback\logback-classic\1.5.18\logback-classic-1.5.18.jar;C:\Users\zluolan\.m2\repository\ch\qos\logback\logback-core\1.5.18\logback-core-1.5.18.jar;C:\Users\zluolan\.m2\repository\org\apache\logging\log4j\log4j-to-slf4j\2.24.3\log4j-to-slf4j-2.24.3.jar;C:\Users\zluolan\.m2\repository\org\apache\logging\log4j\log4j-api\2.24.3\log4j-api-2.24.3.jar;C:\Users\zluolan\.m2\repository\org\slf4j\jul-to-slf4j\2.0.17\jul-to-slf4j-2.0.17.jar;C:\Users\zluolan\.m2\repository\jakarta\annotation\jakarta.annotation-api\2.1.1\jakarta.annotation-api-2.1.1.jar;C:\Users\zluolan\.m2\repository\org\yaml\snakeyaml\2.3\snakeyaml-2.3.jar;C:\Users\zluolan\.m2\repository\org\springframework\boot\spring-boot-starter-json\3.4.5\spring-boot-starter-json-3.4.5.jar;C:\Users\zluolan\.m2\repository\com\fasterxml\jackson\datatype\jackson-datatype-jdk8\2.18.3\jackson-datatype-jdk8-2.18.3.jar;C:\Users\zluolan\.m2\repository\com\fasterxml\jackson\datatype\jackson-datatype-jsr310\2.18.3\jackson-datatype-jsr310-2.18.3.jar;C:\Users\zluolan\.m2\repository\com\fasterxml\jackson\module\jackson-module-parameter-names\2.18.3\jackson-module-parameter-names-2.18.3.jar;C:\Users\zluolan\.m2\repository\org\springframework\boot\spring-boot-starter-tomcat\3.4.5\spring-boot-starter-tomcat-3.4.5.jar;C:\Users\zluolan\.m2\repository\org\apache\tomcat\embed\tomcat-embed-core\10.1.40\tomcat-embed-core-10.1.40.jar;C:\Users\zluolan\.m2\repository\org\apache\tomcat\embed\tomcat-embed-el\10.1.40\tomcat-embed-el-10.1.40.jar;C:\Users\zluolan\.m2\repository\org\apache\tomcat\embed\tomcat-embed-websocket\10.1.40\tomcat-embed-websocket-10.1.40.jar;C:\Users\zluolan\.m2\repository\org\springframework\spring-web\6.2.6\spring-web-6.2.6.jar;C:\Users\zluolan\.m2\repository\org\springframework\spring-beans\6.2.6\spring-beans-6.2.6.jar;C:\Users\zluolan\.m2\repository\io\micrometer\micrometer-observation\1.14.6\micrometer-observation-1.14.6.jar;C:\Users\zluolan\.m2\repository\io\micrometer\micrometer-commons\1.14.6\micrometer-commons-1.14.6.jar;C:\Users\zluolan\.m2\repository\org\springframework\spring-webmvc\6.2.6\spring-webmvc-6.2.6.jar;C:\Users\zluolan\.m2\repository\org\springframework\spring-aop\6.2.6\spring-aop-6.2.6.jar;C:\Users\zluolan\.m2\repository\org\springframework\spring-context\6.2.6\spring-context-6.2.6.jar;C:\Users\zluolan\.m2\repository\org\springframework\spring-expression\6.2.6\spring-expression-6.2.6.jar;C:\Users\zluolan\.m2\repository\com\alibaba\cloud\ai\spring-ai-alibaba-starter-dashscope\1.0.0.2\spring-ai-alibaba-starter-dashscope-1.0.0.2.jar;C:\Users\zluolan\.m2\repository\com\alibaba\cloud\ai\spring-ai-alibaba-autoconfigure-dashscope\1.0.0.2\spring-ai-alibaba-autoconfigure-dashscope-1.0.0.2.jar;C:\Users\zluolan\.m2\repository\org\springframework\ai\spring-ai-autoconfigure-retry\1.0.0\spring-ai-autoconfigure-retry-1.0.0.jar;C:\Users\zluolan\.m2\repository\org\springframework\ai\spring-ai-autoconfigure-model-tool\1.0.0\spring-ai-autoconfigure-model-tool-1.0.0.jar;C:\Users\zluolan\.m2\repository\com\alibaba\cloud\ai\spring-ai-alibaba-starter-memory\1.0.0.2\spring-ai-alibaba-starter-memory-1.0.0.2.jar;C:\Users\zluolan\.m2\repository\com\alibaba\cloud\ai\spring-ai-alibaba-autoconfigure-memory\1.0.0.2\spring-ai-alibaba-autoconfigure-memory-1.0.0.2.jar;C:\Users\zluolan\.m2\repository\com\alibaba\cloud\ai\spring-ai-alibaba-starter-memory-redis\1.0.0.2\spring-ai-alibaba-starter-memory-redis-1.0.0.2.jar;C:\Users\zluolan\.m2\repository\com\alibaba\cloud\ai\spring-ai-alibaba-starter-memory-elasticsearch\1.0.0.2\spring-ai-alibaba-starter-memory-elasticsearch-1.0.0.2.jar;C:\Users\zluolan\.m2\repository\com\alibaba\cloud\ai\spring-ai-alibaba-starter-memory-jdbc\1.0.0.2\spring-ai-alibaba-starter-memory-jdbc-1.0.0.2.jar;C:\Users\zluolan\.m2\repository\com\alibaba\cloud\ai\spring-ai-alibaba-core\1.0.0.2\spring-ai-alibaba-core-1.0.0.2.jar;C:\Users\zluolan\.m2\repository\org\springframework\ai\spring-ai-model\1.0.0\spring-ai-model-1.0.0.jar;C:\Users\zluolan\.m2\repository\org\springframework\ai\spring-ai-template-st\1.0.0\spring-ai-template-st-1.0.0.jar;C:\Users\zluolan\.m2\repository\org\antlr\ST4\4.3.4\ST4-4.3.4.jar;C:\Users\zluolan\.m2\repository\org\antlr\antlr-runtime\3.5.3\antlr-runtime-3.5.3.jar;C:\Users\zluolan\.m2\repository\org\springframework\spring-messaging\6.2.6\spring-messaging-6.2.6.jar;C:\Users\zluolan\.m2\repository\org\antlr\antlr4-runtime\4.13.1\antlr4-runtime-4.13.1.jar;C:\Users\zluolan\.m2\repository\com\github\victools\jsonschema-module-jackson\4.37.0\jsonschema-module-jackson-4.37.0.jar;C:\Users\zluolan\.m2\repository\org\springframework\ai\spring-ai-rag\1.0.0\spring-ai-rag-1.0.0.jar;C:\Users\zluolan\.m2\repository\org\springframework\ai\spring-ai-retry\1.0.0\spring-ai-retry-1.0.0.jar;C:\Users\zluolan\.m2\repository\org\springframework\retry\spring-retry\2.0.11\spring-retry-2.0.11.jar;C:\Users\zluolan\.m2\repository\org\springframework\spring-webflux\6.2.6\spring-webflux-6.2.6.jar;C:\Users\zluolan\.m2\repository\commons-codec\commons-codec\1.17.2\commons-codec-1.17.2.jar;C:\Users\zluolan\.m2\repository\org\apache\opennlp\opennlp-tools\2.3.3\opennlp-tools-2.3.3.jar;C:\Users\zluolan\.m2\repository\org\springframework\ai\spring-ai-model-chat-memory-repository-jdbc\1.0.0\spring-ai-model-chat-memory-repository-jdbc-1.0.0.jar;C:\Users\zluolan\.m2\repository\org\springframework\boot\spring-boot-starter-jdbc\3.4.5\spring-boot-starter-jdbc-3.4.5.jar;C:\Users\zluolan\.m2\repository\com\zaxxer\HikariCP\5.1.0\HikariCP-5.1.0.jar;C:\Users\zluolan\.m2\repository\org\springframework\spring-jdbc\6.2.6\spring-jdbc-6.2.6.jar;C:\Users\zluolan\.m2\repository\org\springframework\spring-tx\6.2.6\spring-tx-6.2.6.jar;C:\Users\zluolan\.m2\repository\org\springframework\ai\spring-ai-starter-model-ollama\1.0.0\spring-ai-starter-model-ollama-1.0.0.jar;C:\Users\zluolan\.m2\repository\org\springframework\ai\spring-ai-autoconfigure-model-ollama\1.0.0\spring-ai-autoconfigure-model-ollama-1.0.0.jar;C:\Users\zluolan\.m2\repository\org\springframework\ai\spring-ai-autoconfigure-model-chat-observation\1.0.0\spring-ai-autoconfigure-model-chat-observation-1.0.0.jar;C:\Users\zluolan\.m2\repository\org\springframework\ai\spring-ai-autoconfigure-model-embedding-observation\1.0.0\spring-ai-autoconfigure-model-embedding-observation-1.0.0.jar;C:\Users\zluolan\.m2\repository\org\springframework\ai\spring-ai-ollama\1.0.0\spring-ai-ollama-1.0.0.jar;C:\Users\zluolan\.m2\repository\org\springframework\ai\spring-ai-autoconfigure-model-chat-client\1.0.0\spring-ai-autoconfigure-model-chat-client-1.0.0.jar;C:\Users\zluolan\.m2\repository\org\springframework\ai\spring-ai-autoconfigure-model-chat-memory\1.0.0\spring-ai-autoconfigure-model-chat-memory-1.0.0.jar;C:\Users\zluolan\.m2\repository\org\springframework\ai\spring-ai-markdown-document-reader\1.0.0\spring-ai-markdown-document-reader-1.0.0.jar;C:\Users\zluolan\.m2\repository\org\springframework\ai\spring-ai-commons\1.0.0\spring-ai-commons-1.0.0.jar;C:\Users\zluolan\.m2\repository\io\micrometer\micrometer-core\1.14.6\micrometer-core-1.14.6.jar;C:\Users\zluolan\.m2\repository\org\hdrhistogram\HdrHistogram\2.2.2\HdrHistogram-2.2.2.jar;C:\Users\zluolan\.m2\repository\org\latencyutils\LatencyUtils\2.0.3\LatencyUtils-2.0.3.jar;C:\Users\zluolan\.m2\repository\io\micrometer\context-propagation\1.1.3\context-propagation-1.1.3.jar;C:\Users\zluolan\.m2\repository\com\fasterxml\jackson\module\jackson-module-jsonSchema\2.18.3\jackson-module-jsonSchema-2.18.3.jar;C:\Users\zluolan\.m2\repository\javax\validation\validation-api\1.1.0.Final\validation-api-1.1.0.Final.jar;C:\Users\zluolan\.m2\repository\com\knuddels\jtokkit\1.1.0\jtokkit-1.1.0.jar;C:\Users\zluolan\.m2\repository\org\commonmark\commonmark\0.22.0\commonmark-0.22.0.jar;C:\Users\zluolan\.m2\repository\org\springframework\ai\spring-ai-advisors-vector-store\1.0.0\spring-ai-advisors-vector-store-1.0.0.jar;C:\Users\zluolan\.m2\repository\org\springframework\ai\spring-ai-client-chat\1.0.0\spring-ai-client-chat-1.0.0.jar;C:\Users\zluolan\.m2\repository\io\swagger\core\v3\swagger-annotations\2.2.25\swagger-annotations-2.2.25.jar;C:\Users\zluolan\.m2\repository\com\github\victools\jsonschema-module-swagger-2\4.37.0\jsonschema-module-swagger-2-4.37.0.jar;C:\Users\zluolan\.m2\repository\io\projectreactor\reactor-core\3.7.5\reactor-core-3.7.5.jar;C:\Users\zluolan\.m2\repository\org\springframework\ai\spring-ai-vector-store\1.0.0\spring-ai-vector-store-1.0.0.jar;C:\Users\zluolan\.m2\repository\com\mysql\mysql-connector-j\9.1.0\mysql-connector-j-9.1.0.jar;C:\Users\zluolan\.m2\repository\org\postgresql\postgresql\42.7.5\postgresql-42.7.5.jar;C:\Users\zluolan\.m2\repository\org\checkerframework\checker-qual\3.48.3\checker-qual-3.48.3.jar;C:\Users\zluolan\.m2\repository\org\springframework\ai\spring-ai-pgvector-store\1.0.0\spring-ai-pgvector-store-1.0.0.jar;C:\Users\zluolan\.m2\repository\com\pgvector\pgvector\0.1.6\pgvector-0.1.6.jar;C:\Users\zluolan\.m2\repository\org\springframework\ai\spring-ai-starter-mcp-client\1.0.0\spring-ai-starter-mcp-client-1.0.0.jar;C:\Users\zluolan\.m2\repository\org\springframework\ai\spring-ai-autoconfigure-mcp-client\1.0.0\spring-ai-autoconfigure-mcp-client-1.0.0.jar;C:\Users\zluolan\.m2\repository\org\springframework\ai\spring-ai-mcp\1.0.0\spring-ai-mcp-1.0.0.jar;C:\Users\zluolan\.m2\repository\io\modelcontextprotocol\sdk\mcp\0.10.0\mcp-0.10.0.jar;C:\Users\zluolan\.m2\repository\org\jsoup\jsoup\1.19.1\jsoup-1.19.1.jar;C:\Users\zluolan\.m2\repository\com\itextpdf\barcodes\9.1.0\barcodes-9.1.0.jar;C:\Users\zluolan\.m2\repository\com\itextpdf\forms\9.1.0\forms-9.1.0.jar;C:\Users\zluolan\.m2\repository\com\itextpdf\hyph\9.1.0\hyph-9.1.0.jar;C:\Users\zluolan\.m2\repository\com\itextpdf\io\9.1.0\io-9.1.0.jar;C:\Users\zluolan\.m2\repository\com\itextpdf\commons\9.1.0\commons-9.1.0.jar;C:\Users\zluolan\.m2\repository\com\itextpdf\kernel\9.1.0\kernel-9.1.0.jar;C:\Users\zluolan\.m2\repository\com\itextpdf\layout\9.1.0\layout-9.1.0.jar;C:\Users\zluolan\.m2\repository\com\itextpdf\pdfa\9.1.0\pdfa-9.1.0.jar;C:\Users\zluolan\.m2\repository\com\itextpdf\sign\9.1.0\sign-9.1.0.jar;C:\Users\zluolan\.m2\repository\com\itextpdf\styled-xml-parser\9.1.0\styled-xml-parser-9.1.0.jar;C:\Users\zluolan\.m2\repository\com\itextpdf\svg\9.1.0\svg-9.1.0.jar;C:\Users\zluolan\.m2\repository\com\itextpdf\bouncy-castle-connector\9.1.0\bouncy-castle-connector-9.1.0.jar;C:\Users\zluolan\.m2\repository\com\itextpdf\pdfua\9.1.0\pdfua-9.1.0.jar;C:\Users\zluolan\.m2\repository\com\itextpdf\font-asian\9.1.0\font-asian-9.1.0.jar;C:\Users\zluolan\.m2\repository\org\slf4j\slf4j-api\2.0.17\slf4j-api-2.0.17.jar;C:\Users\zluolan\.m2\repository\cn\hutool\hutool-all\5.8.37\hutool-all-5.8.37.jar;C:\Users\zluolan\.m2\repository\com\github\xiaoymin\knife4j-openapi3-jakarta-spring-boot-starter\4.4.0\knife4j-openapi3-jakarta-spring-boot-starter-4.4.0.jar;C:\Users\zluolan\.m2\repository\com\github\xiaoymin\knife4j-core\4.4.0\knife4j-core-4.4.0.jar;C:\Users\zluolan\.m2\repository\com\github\xiaoymin\knife4j-openapi3-ui\4.4.0\knife4j-openapi3-ui-4.4.0.jar;C:\Users\zluolan\.m2\repository\com\github\victools\jsonschema-generator\4.38.0\jsonschema-generator-4.38.0.jar;C:\Users\zluolan\.m2\repository\com\fasterxml\classmate\1.7.0\classmate-1.7.0.jar;C:\Users\zluolan\.m2\repository\com\fasterxml\jackson\core\jackson-core\2.18.3\jackson-core-2.18.3.jar;C:\Users\zluolan\.m2\repository\com\fasterxml\jackson\core\jackson-databind\2.18.3\jackson-databind-2.18.3.jar;C:\Users\zluolan\.m2\repository\com\fasterxml\jackson\core\jackson-annotations\2.18.3\jackson-annotations-2.18.3.jar;C:\Users\zluolan\.m2\repository\com\alibaba\dashscope-sdk-java\2.20.1\dashscope-sdk-java-2.20.1.jar;C:\Users\zluolan\.m2\repository\io\reactivex\rxjava2\rxjava\2.2.21\rxjava-2.2.21.jar;C:\Users\zluolan\.m2\repository\org\reactivestreams\reactive-streams\1.0.4\reactive-streams-1.0.4.jar;C:\Users\zluolan\.m2\repository\com\google\code\gson\gson\2.11.0\gson-2.11.0.jar;C:\Users\zluolan\.m2\repository\com\google\errorprone\error_prone_annotations\2.27.0\error_prone_annotations-2.27.0.jar;C:\Users\zluolan\.m2\repository\org\jetbrains\kotlin\kotlin-stdlib-jdk8\1.9.25\kotlin-stdlib-jdk8-1.9.25.jar;C:\Users\zluolan\.m2\repository\org\jetbrains\kotlin\kotlin-stdlib\1.9.25\kotlin-stdlib-1.9.25.jar;C:\Users\zluolan\.m2\repository\org\jetbrains\annotations\13.0\annotations-13.0.jar;C:\Users\zluolan\.m2\repository\org\jetbrains\kotlin\kotlin-stdlib-jdk7\1.9.25\kotlin-stdlib-jdk7-1.9.25.jar;C:\Users\zluolan\.m2\repository\com\squareup\okio\okio\3.6.0\okio-3.6.0.jar;C:\Users\zluolan\.m2\repository\com\squareup\okio\okio-jvm\3.6.0\okio-jvm-3.6.0.jar;C:\Users\zluolan\.m2\repository\org\jetbrains\kotlin\kotlin-stdlib-common\1.9.25\kotlin-stdlib-common-1.9.25.jar;C:\Users\zluolan\.m2\repository\com\squareup\okhttp3\logging-interceptor\4.12.0\logging-interceptor-4.12.0.jar;C:\Users\zluolan\.m2\repository\com\squareup\okhttp3\okhttp-sse\4.12.0\okhttp-sse-4.12.0.jar;C:\Users\zluolan\.m2\repository\com\squareup\okhttp3\okhttp\4.12.0\okhttp-4.12.0.jar;C:\Users\zluolan\.m2\repository\org\projectlombok\lombok\1.18.34\lombok-1.18.34.jar;C:\Users\zluolan\.m2\repository\org\springdoc\springdoc-openapi-starter-webmvc-ui\2.5.0\springdoc-openapi-starter-webmvc-ui-2.5.0.jar;C:\Users\zluolan\.m2\repository\org\springdoc\springdoc-openapi-starter-webmvc-api\2.5.0\springdoc-openapi-starter-webmvc-api-2.5.0.jar;C:\Users\zluolan\.m2\repository\org\springdoc\springdoc-openapi-starter-common\2.5.0\springdoc-openapi-starter-common-2.5.0.jar;C:\Users\zluolan\.m2\repository\io\swagger\core\v3\swagger-core-jakarta\2.2.21\swagger-core-jakarta-2.2.21.jar;C:\Users\zluolan\.m2\repository\org\apache\commons\commons-lang3\3.17.0\commons-lang3-3.17.0.jar;C:\Users\zluolan\.m2\repository\io\swagger\core\v3\swagger-annotations-jakarta\2.2.21\swagger-annotations-jakarta-2.2.21.jar;C:\Users\zluolan\.m2\repository\io\swagger\core\v3\swagger-models-jakarta\2.2.21\swagger-models-jakarta-2.2.21.jar;C:\Users\zluolan\.m2\repository\jakarta\validation\jakarta.validation-api\3.0.2\jakarta.validation-api-3.0.2.jar;C:\Users\zluolan\.m2\repository\com\fasterxml\jackson\dataformat\jackson-dataformat-yaml\2.18.3\jackson-dataformat-yaml-2.18.3.jar;C:\Users\zluolan\.m2\repository\org\webjars\swagger-ui\5.13.0\swagger-ui-5.13.0.jar;C:\Users\zluolan\.m2\repository\com\esotericsoftware\kryo\5.6.2\kryo-5.6.2.jar;C:\Users\zluolan\.m2\repository\com\esotericsoftware\reflectasm\1.11.9\reflectasm-1.11.9.jar;C:\Users\zluolan\.m2\repository\org\objenesis\objenesis\3.4\objenesis-3.4.jar;C:\Users\zluolan\.m2\repository\com\esotericsoftware\minlog\1.3.1\minlog-1.3.1.jar;C:\Users\zluolan\.m2\repository\org\springframework\boot\spring-boot-starter-test\3.4.5\spring-boot-starter-test-3.4.5.jar;C:\Users\zluolan\.m2\repository\org\springframework\boot\spring-boot-test\3.4.5\spring-boot-test-3.4.5.jar;C:\Users\zluolan\.m2\repository\org\springframework\boot\spring-boot-test-autoconfigure\3.4.5\spring-boot-test-autoconfigure-3.4.5.jar;C:\Users\zluolan\.m2\repository\com\jayway\jsonpath\json-path\2.9.0\json-path-2.9.0.jar;C:\Users\zluolan\.m2\repository\jakarta\xml\bind\jakarta.xml.bind-api\4.0.2\jakarta.xml.bind-api-4.0.2.jar;C:\Users\zluolan\.m2\repository\jakarta\activation\jakarta.activation-api\2.1.3\jakarta.activation-api-2.1.3.jar;C:\Users\zluolan\.m2\repository\net\minidev\json-smart\2.5.2\json-smart-2.5.2.jar;C:\Users\zluolan\.m2\repository\net\minidev\accessors-smart\2.5.2\accessors-smart-2.5.2.jar;C:\Users\zluolan\.m2\repository\org\ow2\asm\asm\9.7.1\asm-9.7.1.jar;C:\Users\zluolan\.m2\repository\org\assertj\assertj-core\3.26.3\assertj-core-3.26.3.jar;C:\Users\zluolan\.m2\repository\net\bytebuddy\byte-buddy\1.15.11\byte-buddy-1.15.11.jar;C:\Users\zluolan\.m2\repository\org\awaitility\awaitility\4.2.2\awaitility-4.2.2.jar;C:\Users\zluolan\.m2\repository\org\hamcrest\hamcrest\2.2\hamcrest-2.2.jar;C:\Users\zluolan\.m2\repository\org\junit\jupiter\junit-jupiter\5.11.4\junit-jupiter-5.11.4.jar;C:\Users\zluolan\.m2\repository\org\junit\jupiter\junit-jupiter-api\5.11.4\junit-jupiter-api-5.11.4.jar;C:\Users\zluolan\.m2\repository\org\opentest4j\opentest4j\1.3.0\opentest4j-1.3.0.jar;C:\Users\zluolan\.m2\repository\org\junit\platform\junit-platform-commons\1.11.4\junit-platform-commons-1.11.4.jar;C:\Users\zluolan\.m2\repository\org\apiguardian\apiguardian-api\1.1.2\apiguardian-api-1.1.2.jar;C:\Users\zluolan\.m2\repository\org\junit\jupiter\junit-jupiter-params\5.11.4\junit-jupiter-params-5.11.4.jar;C:\Users\zluolan\.m2\repository\org\junit\jupiter\junit-jupiter-engine\5.11.4\junit-jupiter-engine-5.11.4.jar;C:\Users\zluolan\.m2\repository\org\junit\platform\junit-platform-engine\1.11.4\junit-platform-engine-1.11.4.jar;C:\Users\zluolan\.m2\repository\org\mockito\mockito-core\5.14.2\mockito-core-5.14.2.jar;C:\Users\zluolan\.m2\repository\net\bytebuddy\byte-buddy-agent\1.15.11\byte-buddy-agent-1.15.11.jar;C:\Users\zluolan\.m2\repository\org\mockito\mockito-junit-jupiter\5.14.2\mockito-junit-jupiter-5.14.2.jar;C:\Users\zluolan\.m2\repository\org\skyscreamer\jsonassert\1.5.3\jsonassert-1.5.3.jar;C:\Users\zluolan\.m2\repository\com\vaadin\external\google\android-json\0.0.20131108.vaadin1\android-json-0.0.20131108.vaadin1.jar;C:\Users\zluolan\.m2\repository\org\springframework\spring-core\6.2.6\spring-core-6.2.6.jar;C:\Users\zluolan\.m2\repository\org\springframework\spring-jcl\6.2.6\spring-jcl-6.2.6.jar;C:\Users\zluolan\.m2\repository\org\springframework\spring-test\6.2.6\spring-test-6.2.6.jar;C:\Users\zluolan\.m2\repository\org\xmlunit\xmlunit-core\2.10.0\xmlunit-core-2.10.0.jar;"/>
    <property name="sun.cpu.endian" value="little"/>
    <property name="user.home" value="C:\Users\zluolan"/>
    <property name="user.language" value="zh"/>
    <property name="java.specification.vendor" value="Oracle Corporation"/>
    <property name="java.version.date" value="2025-07-15"/>
    <property name="java.home" value="C:\Users\zluolan\.jdks\ms-21.0.8"/>
    <property name="file.separator" value="\"/>
    <property name="basedir" value="C:\ProgramFiles\AllCodeProjects\zl-ai-agent"/>
    <property name="java.vm.compressedOopsMode" value="Zero based"/>
    <property name="line.separator" value="&#10;"/>
    <property name="java.vm.specification.vendor" value="Oracle Corporation"/>
    <property name="java.specification.name" value="Java Platform API Specification"/>
    <property name="FILE_LOG_CHARSET" value="UTF-8"/>
    <property name="java.awt.headless" value="true"/>
    <property name="surefire.real.class.path" value="C:\Users\zluolan\AppData\Local\Temp\surefire16462373691669974479\surefirebooter-20251023153756865_3.jar"/>
    <property name="user.script" value=""/>
    <property name="sun.management.compiler" value="HotSpot 64-Bit Tiered Compilers"/>
    <property name="java.runtime.version" value="21.0.8+9-LTS"/>
    <property name="user.name" value="zluolan"/>
    <property name="stdout.encoding" value="GBK"/>
    <property name="path.separator" value=";"/>
    <property name="os.version" value="10.0"/>
    <property name="java.runtime.name" value="OpenJDK Runtime Environment"/>
    <property name="file.encoding" value="UTF-8"/>
    <property name="java.vm.name" value="OpenJDK 64-Bit Server VM"/>
    <property name="java.vendor.version" value="Microsoft-11933218"/>
    <property name="localRepository" value="C:\Users\zluolan\.m2\repository"/>
    <property name="java.vendor.url.bug" value="https://github.com/microsoft/openjdk/issues"/>
    <property name="java.io.tmpdir" value="C:\Users\zluolan\AppData\Local\Temp\"/>
    <property name="java.version" value="21.0.8"/>
    <property name="user.dir" value="C:\ProgramFiles\AllCodeProjects\zl-ai-agent"/>
    <property name="os.arch" value="amd64"/>
    <property name="java.vm.specification.name" value="Java Virtual Machine Specification"/>
    <property name="PID" value="23336"/>
    <property name="sun.os.patch.level" value=""/>
    <property name="CONSOLE_LOG_CHARSET" value="UTF-8"/>
    <property name="native.encoding" value="GBK"/>
    <property name="java.library.path" value="C:\Users\zluolan\.jdks\ms-21.0.8\bin;C:\WINDOWS\Sun\Java\bin;C:\WINDOWS\system32;C:\WINDOWS;C:\Program Files (x86)\VMware\VMware Workstation\bin\;C:\WINDOWS\system32;C:\WINDOWS;C:\WINDOWS\System32\Wbem;C:\WINDOWS\System32\WindowsPowerShell\v1.0\;C:\WINDOWS\System32\OpenSSH\;C:\Program Files\NVIDIA Corporation\NVIDIA App\NvDLISR;C:\Program Files (x86)\NVIDIA Corporation\PhysX\Common;C:\ProgramFiles\nvm;C:\ProgramFiles\nvm4w\nodejs;C:\ProgramFiles\Git\cmd;C:\Program Files (x86)\dotnet\;C:\ProgramFiles\apache-maven-3.9.11\bin;C:\Users\zluolan\.jdks\ms-21.0.8\bin;C:\Users\zluolan\.jdks\ms-17.0.15\bin;C:\Users\zluolan\AppData\Local\Programs\Python\Python313\Scripts\;C:\Users\zluolan\AppData\Local\Programs\Python\Python313\;C:\Users\zluolan\AppData\Local\Microsoft\WindowsApps;C:\ProgramFiles\JetBrains\WebStorm2024.1\bin;;C:\ProgramFiles\JetBrains\PyCharm2024.1\bin;;C:\ProgramFiles\JetBrains\IntelliJIDEA2024.1\bin;;C:\ProgramFiles\JetBrains\DataGrip2024.1.1\bin;;C:\Users\zluolan\AppData\Roaming\npm;C:\ProgramFiles\nvm;C:\ProgramFiles\nvm4w\nodejs;C:\ProgramFiles\cursor\resources\app\bin;C:\Users\zluolan\AppData\Local\Programs\Ollama;."/>
    <property name="java.vm.info" value="mixed mode, sharing"/>
    <property name="stderr.encoding" value="GBK"/>
    <property name="java.vendor" value="Microsoft"/>
    <property name="java.vm.version" value="21.0.8+9-LTS"/>
    <property name="sun.io.unicode.encoding" value="UnicodeLittle"/>
    <property name="java.class.version" value="65.0"/>
    <property name="LOGGED_APPLICATION_NAME" value="[travel-planner] "/>
  </properties>
  <testcase name="testSearchAttractionsWithDifferentTypes" classname="com.zluolan.zaiagent.tools.AttractionSearchToolTest" time="0.024">
    <system-out><![CDATA[2025-10-23T15:38:45.128+08:00  INFO 23336 --- [travel-planner] [           main] t.c.s.AnnotationConfigContextLoaderUtils : Could not detect default configuration classes for test class [com.zluolan.zaiagent.tools.AttractionSearchToolTest]: AttractionSearchToolTest does not declare any static, non-private, non-final, nested classes annotated with @Configuration.
2025-10-23T15:38:45.145+08:00  INFO 23336 --- [travel-planner] [           main] .b.t.c.SpringBootTestContextBootstrapper : Found @SpringBootConfiguration com.zluolan.zaiagent.ZlAiAgentApplication for test class com.zluolan.zaiagent.tools.AttractionSearchToolTest

  .   ____          _            __ _ _
 /\\ / ___'_ __ _ _(_)_ __  __ _ \ \ \ \
( ( )\___ | '_ | '_| | '_ \/ _` | \ \ \ \
 \\/  ___)| |_)| | | | | || (_| |  ) ) ) )
  '  |____| .__|_| |_|_| |_\__, | / / / /
 =========|_|==============|___/=/_/_/_/

 :: Spring Boot ::                (v3.4.5)

2025-10-23T15:38:45.188+08:00  INFO 23336 --- [travel-planner] [           main] c.z.z.tools.AttractionSearchToolTest     : Starting AttractionSearchToolTest using Java 21.0.8 with PID 23336 (started by zluolan in C:\ProgramFiles\AllCodeProjects\zl-ai-agent)
2025-10-23T15:38:45.188+08:00  INFO 23336 --- [travel-planner] [           main] c.z.z.tools.AttractionSearchToolTest     : The following 1 profile is active: "local"
2025-10-23T15:38:45.700+08:00  INFO 23336 --- [travel-planner] [           main] o.s.v.b.OptionalValidatorFactoryBean     : Failed to set up a Bean Validation provider: jakarta.validation.NoProviderFoundException: Unable to create a Configuration, because no Jakarta Bean Validation provider could be found. Add a provider like Hibernate Validator (RI) to your classpath.
2025-10-23T15:38:45.808+08:00  INFO 23336 --- [travel-planner] [           main] c.z.z.tools.AttractionSearchToolTest     : Started AttractionSearchToolTest in 0.659 seconds (process running for 48.735)
2025-10-23T15:38:45.811+08:00  INFO 23336 --- [travel-planner] [           main] c.z.zaiagent.tools.AttractionSearchTool  : 搜索景点信息 - 目的地: 上海, 类型: 现代都市, 限制: 3
2025-10-23T15:38:45.833+08:00  INFO 23336 --- [travel-planner] [           main] c.z.zaiagent.tools.AttractionSearchTool  : 景点搜索完成: {"destination":"上海","category":"现代都市","searchQuery":"上海 旅游景点 现代都市 推荐 攻略","attractions":"1. 外滩 - 上海标志性景观带\n2. 东方明珠塔 - 上海地标建筑\n3. 豫园 - 明代私人花园\n4. 南京路步行街 - 中华商业第一街\n5. 田子坊 - 文艺创意园区\n\n特别推荐（现代都市类）：\n","searchTime":1761205125817,"status":"success"}
2025-10-23T15:38:45.833+08:00  INFO 23336 --- [travel-planner] [           main] c.z.zaiagent.tools.AttractionSearchTool  : 搜索景点信息 - 目的地: 杭州, 类型: 自然风光, 限制: 4
2025-10-23T15:38:45.833+08:00  INFO 23336 --- [travel-planner] [           main] c.z.zaiagent.tools.AttractionSearchTool  : 景点搜索完成: {"destination":"杭州","category":"自然风光","searchQuery":"杭州 旅游景点 自然风光 推荐 攻略","attractions":"1. 西湖 - 世界文化遗产，人间天堂\n2. 灵隐寺 - 江南著名古刹\n3. 千岛湖 - 国家级风景名胜区\n4. 宋城 - 大型历史文化主题公园\n5. 西溪湿地 - 国家湿地公园\n\n特别推荐（自然风光类）：\n- 重点关注自然景观和户外活动\n","searchTime":1761205125833,"status":"success"}
上海现代都市景点: [TOOL_EXECUTION_RESULT] 景点搜索成功！
{"destination":"上海","category":"现代都市","searchQuery":"上海 旅游景点 现代都市 推荐 攻略","attractions":"1. 外滩 - 上海标志性景观带\n2. 东方明珠塔 - 上海地标建筑\n3. 豫园 - 明代私人花园\n4. 南京路步行街 - 中华商业第一街\n5. 田子坊 - 文艺创意园区\n\n特别推荐（现代都市类）：\n","searchTime":1761205125817,"status":"success"}
杭州自然风光景点: [TOOL_EXECUTION_RESULT] 景点搜索成功！
{"destination":"杭州","category":"自然风光","searchQuery":"杭州 旅游景点 自然风光 推荐 攻略","attractions":"1. 西湖 - 世界文化遗产，人间天堂\n2. 灵隐寺 - 江南著名古刹\n3. 千岛湖 - 国家级风景名胜区\n4. 宋城 - 大型历史文化主题公园\n5. 西溪湿地 - 国家湿地公园\n\n特别推荐（自然风光类）：\n- 重点关注自然景观和户外活动\n","searchTime":1761205125833,"status":"success"}
]]></system-out>
  </testcase>
  <testcase name="testSearchAttractions" classname="com.zluolan.zaiagent.tools.AttractionSearchToolTest" time="0.005">
    <system-out><![CDATA[2025-10-23T15:38:45.836+08:00  INFO 23336 --- [travel-planner] [           main] c.z.zaiagent.tools.AttractionSearchTool  : 搜索景点信息 - 目的地: 北京, 类型: 文化历史, 限制: 5
2025-10-23T15:38:45.838+08:00  INFO 23336 --- [travel-planner] [           main] c.z.zaiagent.tools.AttractionSearchTool  : 景点搜索完成: {"destination":"北京","category":"文化历史","searchQuery":"北京 旅游景点 文化历史 推荐 攻略","attractions":"1. 故宫博物院 - 明清皇家宫殿，世界文化遗产\n2. 天安门广场 - 世界最大的城市广场\n3. 长城（八达岭段） - 世界七大奇迹之一\n4. 颐和园 - 清朝皇家园林\n5. 天坛公园 - 明清皇帝祭天的场所\n\n特别推荐（文化历史类）：\n- 重点关注历史文化景点和古建筑\n","searchTime":1761205125838,"status":"success"}
景点搜索结果: [TOOL_EXECUTION_RESULT] 景点搜索成功！
{"destination":"北京","category":"文化历史","searchQuery":"北京 旅游景点 文化历史 推荐 攻略","attractions":"1. 故宫博物院 - 明清皇家宫殿，世界文化遗产\n2. 天安门广场 - 世界最大的城市广场\n3. 长城（八达岭段） - 世界七大奇迹之一\n4. 颐和园 - 清朝皇家园林\n5. 天坛公园 - 明清皇帝祭天的场所\n\n特别推荐（文化历史类）：\n- 重点关注历史文化景点和古建筑\n","searchTime":1761205125838,"status":"success"}
]]></system-out>
  </testcase>
</testsuite>